jsbien@debian2:~/djview4shapes$ su -
Password: 
root@debian2:~# apt install debhelper\
    libdjvulibre-dev\
    x11proto-core-dev\ libx11-dev, libxext-dev,
    libqt4-dev (>= 4.2)
Reading package lists... Done
Building dependency tree       
Reading state information... Done
E: Unable to locate package x11proto-core-dev libx11-dev,
E: Unable to locate package libxext-dev,
root@debian2:~# -bash: syntax error near unexpected token `>'
root@debian2:~# apt install debhelper    libdjvulibre-dev    x11proto-core-dev libx11-dev libxext-dev    libqt4-dev
Reading package lists... Done
Building dependency tree       
Reading state information... Done
libx11-dev is already the newest version (2:1.6.7-1+deb10u1).
libx11-dev set to manually installed.
x11proto-core-dev is already the newest version (2018.4-4).
x11proto-core-dev set to manually installed.
The following packages were automatically installed and are no longer required:
  libjsoncpp1 linux-image-4.19.0-4-amd64
Use 'apt autoremove' to remove them.
The following additional packages will be installed:
  build-essential dh-autoreconf dh-strip-nondeterminism dpkg-dev dwz fakeroot intltool-debian libalgorithm-diff-perl
  libalgorithm-diff-xs-perl libalgorithm-merge-perl libarchive-cpio-perl libarchive-zip-perl libdrm-dev libfakeroot
  libfile-stripnondeterminism-perl libgl1-mesa-dev libgles1 libglu1-mesa-dev libglvnd-core-dev libglvnd-dev libjpeg-dev
  libjpeg62-turbo-dev libmail-sendmail-perl libmng1 libopengl0 libqt4-dbus libqt4-declarative libqt4-designer libqt4-dev-bin libqt4-help
  libqt4-network libqt4-opengl libqt4-opengl-dev libqt4-qt3support libqt4-script libqt4-scripttools libqt4-sql libqt4-sql-mysql
  libqt4-svg libqt4-test libqt4-xml libqt4-xmlpatterns libqtcore4 libqtdbus4 libqtgui4 libsys-hostname-long-perl libx11-xcb-dev
  libxcb-dri2-0-dev libxcb-dri3-dev libxcb-glx0-dev libxcb-present-dev libxcb-randr0-dev libxcb-render0-dev libxcb-shape0-dev
  libxcb-sync-dev libxcb-xfixes0-dev libxdamage-dev libxfixes-dev libxshmfence-dev libxxf86vm-dev mesa-common-dev po-debconf qdbus
  qt-at-spi qt4-linguist-tools qt4-qmake qtchooser qtcore4-l10n x11proto-damage-dev x11proto-fixes-dev x11proto-xext-dev
  x11proto-xf86vidmode-dev
Suggested packages:
  dh-make debian-keyring libqt4-declarative-folderlistmodel libqt4-declarative-gestures libqt4-declarative-particles
  libqt4-declarative-shaders qt4-qmlviewer default-libmysqlclient-dev firebird-dev libpq-dev libsqlite0-dev libsqlite3-dev qt4-dev-tools
  qt4-doc unixodbc-dev libicu57 qt4-qtconfig libxext-doc libmail-box-perl
The following NEW packages will be installed:
  build-essential debhelper dh-autoreconf dh-strip-nondeterminism dpkg-dev dwz fakeroot intltool-debian libalgorithm-diff-perl
  libalgorithm-diff-xs-perl libalgorithm-merge-perl libarchive-cpio-perl libarchive-zip-perl libdjvulibre-dev libdrm-dev libfakeroot
  libfile-stripnondeterminism-perl libgl1-mesa-dev libgles1 libglu1-mesa-dev libglvnd-core-dev libglvnd-dev libjpeg-dev
  libjpeg62-turbo-dev libmail-sendmail-perl libmng1 libopengl0 libqt4-dbus libqt4-declarative libqt4-designer libqt4-dev libqt4-dev-bin
  libqt4-help libqt4-network libqt4-opengl libqt4-opengl-dev libqt4-qt3support libqt4-script libqt4-scripttools libqt4-sql
  libqt4-sql-mysql libqt4-svg libqt4-test libqt4-xml libqt4-xmlpatterns libqtcore4 libqtdbus4 libqtgui4 libsys-hostname-long-perl
  libx11-xcb-dev libxcb-dri2-0-dev libxcb-dri3-dev libxcb-glx0-dev libxcb-present-dev libxcb-randr0-dev libxcb-render0-dev
  libxcb-shape0-dev libxcb-sync-dev libxcb-xfixes0-dev libxdamage-dev libxext-dev libxfixes-dev libxshmfence-dev libxxf86vm-dev
  mesa-common-dev po-debconf qdbus qt-at-spi qt4-linguist-tools qt4-qmake qtchooser qtcore4-l10n x11proto-damage-dev x11proto-fixes-dev
  x11proto-xext-dev x11proto-xf86vidmode-dev
0 upgraded, 76 newly installed, 0 to remove and 0 not upgraded.
Need to get 31.2 MB of archives.
After this operation, 111 MB of additional disk space will be used.
Do you want to continue? [Y/n] 
Get:1 http://deb.debian.org/debian buster/main amd64 dpkg-dev all 1.19.7 [1,773 kB]
Get:2 http://deb.debian.org/debian buster/main amd64 build-essential amd64 12.6 [7,576 B]
Get:3 http://deb.debian.org/debian buster/main amd64 dh-autoreconf all 19 [16.9 kB]
Get:4 http://deb.debian.org/debian buster/main amd64 libarchive-zip-perl all 1.64-1 [96.8 kB]
Get:5 http://deb.debian.org/debian buster/main amd64 libfile-stripnondeterminism-perl all 1.1.2-1 [19.8 kB]
Get:6 http://deb.debian.org/debian buster/main amd64 dh-strip-nondeterminism all 1.1.2-1 [13.0 kB]
Get:7 http://deb.debian.org/debian buster/main amd64 dwz amd64 0.12-3 [78.0 kB]
Get:8 http://deb.debian.org/debian buster/main amd64 intltool-debian all 0.35.0+20060710.5 [26.8 kB]
Get:9 http://deb.debian.org/debian buster/main amd64 po-debconf all 1.0.21 [248 kB]
Get:10 http://deb.debian.org/debian buster/main amd64 debhelper all 12.1.1 [1,016 kB]
Get:11 http://deb.debian.org/debian buster/main amd64 libfakeroot amd64 1.23-1 [45.9 kB]
Get:12 http://deb.debian.org/debian buster/main amd64 fakeroot amd64 1.23-1 [85.8 kB]
Get:13 http://deb.debian.org/debian buster/main amd64 libalgorithm-diff-perl all 1.19.03-2 [47.9 kB]
Get:14 http://deb.debian.org/debian buster/main amd64 libalgorithm-diff-xs-perl amd64 0.04-5+b1 [11.8 kB]
Get:15 http://deb.debian.org/debian buster/main amd64 libalgorithm-merge-perl all 0.08-3 [12.7 kB]
Get:16 http://deb.debian.org/debian buster/main amd64 libarchive-cpio-perl all 0.10-1 [10.3 kB]
Get:17 http://deb.debian.org/debian buster/main amd64 libjpeg62-turbo-dev amd64 1:1.5.2-2+b1 [208 kB]
Get:18 http://deb.debian.org/debian buster/main amd64 libjpeg-dev all 1:1.5.2-2 [57.5 kB]
Get:19 http://deb.debian.org/debian buster/main amd64 libdjvulibre-dev amd64 3.5.27.1-10 [2,419 kB]
Get:20 http://deb.debian.org/debian buster/main amd64 libdrm-dev amd64 2.4.97-1 [131 kB]
Get:21 http://deb.debian.org/debian buster/main amd64 mesa-common-dev amd64 18.3.6-2+deb10u1 [611 kB]
Get:22 http://deb.debian.org/debian buster/main amd64 libglvnd-core-dev amd64 1.1.0-1 [13.2 kB]
Get:23 http://deb.debian.org/debian buster/main amd64 libgles1 amd64 1.1.0-1 [13.8 kB]
Get:24 http://deb.debian.org/debian buster/main amd64 libopengl0 amd64 1.1.0-1 [33.4 kB]
Get:25 http://deb.debian.org/debian buster/main amd64 libglvnd-dev amd64 1.1.0-1 [5,128 B]
Get:26 http://deb.debian.org/debian buster/main amd64 libx11-xcb-dev amd64 2:1.6.7-1+deb10u1 [192 kB]
Get:27 http://deb.debian.org/debian buster/main amd64 libxcb-dri3-dev amd64 1.13.1-2 [101 kB]
Get:28 http://deb.debian.org/debian buster/main amd64 libxcb-render0-dev amd64 1.13.1-2 [112 kB]
Get:29 http://deb.debian.org/debian buster/main amd64 libxcb-randr0-dev amd64 1.13.1-2 [114 kB]
Get:30 http://deb.debian.org/debian buster/main amd64 libxcb-shape0-dev amd64 1.13.1-2 [101 kB]
Get:31 http://deb.debian.org/debian buster/main amd64 libxcb-xfixes0-dev amd64 1.13.1-2 [105 kB]
Get:32 http://deb.debian.org/debian buster/main amd64 libxcb-sync-dev amd64 1.13.1-2 [104 kB]
Get:33 http://deb.debian.org/debian buster/main amd64 libxcb-present-dev amd64 1.13.1-2 [101 kB]
Get:34 http://deb.debian.org/debian buster/main amd64 libxshmfence-dev amd64 1.3-1 [8,360 B]
Get:35 http://deb.debian.org/debian buster/main amd64 libxcb-dri2-0-dev amd64 1.13.1-2 [102 kB]
Get:36 http://deb.debian.org/debian buster/main amd64 libxcb-glx0-dev amd64 1.13.1-2 [122 kB]
Get:37 http://deb.debian.org/debian buster/main amd64 x11proto-fixes-dev all 1:2018.4-4 [3,140 B]
Get:38 http://deb.debian.org/debian buster/main amd64 libxfixes-dev amd64 1:5.0.3-1 [23.8 kB]
Get:39 http://deb.debian.org/debian buster/main amd64 x11proto-damage-dev all 1:2018.4-4 [3,140 B]
Get:40 http://deb.debian.org/debian buster/main amd64 libxdamage-dev amd64 1:1.1.4-3+b3 [14.6 kB]
Get:41 http://deb.debian.org/debian buster/main amd64 x11proto-xext-dev all 2018.4-4 [3,128 B]
Get:42 http://deb.debian.org/debian buster/main amd64 libxext-dev amd64 2:1.3.3-1+b2 [107 kB]
Get:43 http://deb.debian.org/debian buster/main amd64 x11proto-xf86vidmode-dev all 2018.4-4 [3,140 B]
Get:44 http://deb.debian.org/debian buster/main amd64 libxxf86vm-dev amd64 1:1.1.4-1+b2 [25.4 kB]
Get:45 http://deb.debian.org/debian buster/main amd64 libgl1-mesa-dev amd64 18.3.6-2+deb10u1 [48.0 kB]
Get:46 http://deb.debian.org/debian buster/main amd64 libglu1-mesa-dev amd64 9.0.0-2.1+b3 [208 kB]
Get:47 http://deb.debian.org/debian buster/main amd64 libsys-hostname-long-perl all 1.5-1 [12.0 kB]
Get:48 http://deb.debian.org/debian buster/main amd64 libmail-sendmail-perl all 0.80-1 [25.3 kB]
Get:49 http://deb.debian.org/debian buster/main amd64 libmng1 amd64 1.0.10+dfsg-3.1+b5 [211 kB]
Get:50 http://deb.debian.org/debian buster/main amd64 qtcore4-l10n all 4:4.8.7+dfsg-18+deb10u1 [662 kB]
Get:51 http://deb.debian.org/debian buster/main amd64 libqtcore4 amd64 4:4.8.7+dfsg-18+deb10u1 [1,640 kB]
Get:52 http://deb.debian.org/debian buster/main amd64 libqt4-xml amd64 4:4.8.7+dfsg-18+deb10u1 [149 kB]
Get:53 http://deb.debian.org/debian buster/main amd64 libqtdbus4 amd64 4:4.8.7+dfsg-18+deb10u1 [238 kB]
Get:54 http://deb.debian.org/debian buster/main amd64 qtchooser amd64 66-2 [26.3 kB]
Get:55 http://deb.debian.org/debian buster/main amd64 qdbus amd64 4:4.8.7+dfsg-18+deb10u1 [77.6 kB]
Get:56 http://deb.debian.org/debian buster/main amd64 libqt4-dbus amd64 4:4.8.7+dfsg-18+deb10u1 [53.9 kB]
Get:57 http://deb.debian.org/debian buster/main amd64 libqt4-network amd64 4:4.8.7+dfsg-18+deb10u1 [624 kB]
Get:58 http://deb.debian.org/debian buster/main amd64 libqt4-script amd64 4:4.8.7+dfsg-18+deb10u1 [916 kB]
Get:59 http://deb.debian.org/debian buster/main amd64 libqt4-sql amd64 4:4.8.7+dfsg-18+deb10u1 [149 kB]
Get:60 http://deb.debian.org/debian buster/main amd64 libqt4-xmlpatterns amd64 4:4.8.7+dfsg-18+deb10u1 [1,181 kB]
Get:61 http://deb.debian.org/debian buster/main amd64 libqtgui4 amd64 4:4.8.7+dfsg-18+deb10u1 [4,234 kB]
Get:62 http://deb.debian.org/debian buster/main amd64 libqt4-declarative amd64 4:4.8.7+dfsg-18+deb10u1 [1,182 kB]
Get:63 http://deb.debian.org/debian buster/main amd64 libqt4-designer amd64 4:4.8.7+dfsg-18+deb10u1 [3,762 kB]
Get:64 http://deb.debian.org/debian buster/main amd64 libqt4-qt3support amd64 4:4.8.7+dfsg-18+deb10u1 [1,123 kB]
Get:65 http://deb.debian.org/debian buster/main amd64 libqt4-dev-bin amd64 4:4.8.7+dfsg-18+deb10u1 [1,788 kB]
Get:66 http://deb.debian.org/debian buster/main amd64 libqt4-help amd64 4:4.8.7+dfsg-18+deb10u1 [257 kB]
Get:67 http://deb.debian.org/debian buster/main amd64 libqt4-scripttools amd64 4:4.8.7+dfsg-18+deb10u1 [288 kB]
Get:68 http://deb.debian.org/debian buster/main amd64 libqt4-svg amd64 4:4.8.7+dfsg-18+deb10u1 [190 kB]
Get:69 http://deb.debian.org/debian buster/main amd64 libqt4-test amd64 4:4.8.7+dfsg-18+deb10u1 [109 kB]
Get:70 http://deb.debian.org/debian buster/main amd64 qt4-linguist-tools amd64 4:4.8.7+dfsg-18+deb10u1 [923 kB]
Get:71 http://deb.debian.org/debian buster/main amd64 qt4-qmake amd64 4:4.8.7+dfsg-18+deb10u1 [1,305 kB]
Get:72 http://deb.debian.org/debian buster/main amd64 libqt4-dev amd64 4:4.8.7+dfsg-18+deb10u1 [893 kB]
Get:73 http://deb.debian.org/debian buster/main amd64 libqt4-opengl amd64 4:4.8.7+dfsg-18+deb10u1 [359 kB]
Get:74 http://deb.debian.org/debian buster/main amd64 libqt4-opengl-dev amd64 4:4.8.7+dfsg-18+deb10u1 [70.3 kB]
Get:75 http://deb.debian.org/debian buster/main amd64 libqt4-sql-mysql amd64 4:4.8.7+dfsg-18+deb10u1 [78.2 kB]
Get:76 http://deb.debian.org/debian buster/main amd64 qt-at-spi amd64 0.4.0-9 [62.7 kB]
Fetched 31.2 MB in 2s (13.1 MB/s)
debconf: unable to initialize frontend: Dialog
debconf: (Dialog frontend will not work on a dumb terminal, an emacs shell buffer, or without a controlling terminal.)
debconf: falling back to frontend: Readline
Extracting templates from packages: 100%

78Selecting previously unselected package dpkg-dev.
(Reading database ... 159030 files and directories currently installed.)
Preparing to unpack .../00-dpkg-dev_1.19.7_all.deb ...
7Progress: [  0%] [....................................................................................................................] 8Unpacking dpkg-dev (1.19.7) ...
Selecting previously unselected package build-essential.
Preparing to unpack .../01-build-essential_12.6_amd64.deb ...
Unpacking build-essential (12.6) ...
7Progress: [  1%] [#...................................................................................................................] 8Selecting previously unselected package dh-autoreconf.
Preparing to unpack .../02-dh-autoreconf_19_all.deb ...
Unpacking dh-autoreconf (19) ...
Selecting previously unselected package libarchive-zip-perl.
Preparing to unpack .../03-libarchive-zip-perl_1.64-1_all.deb ...
7Progress: [  2%] [##..................................................................................................................] 8Unpacking libarchive-zip-perl (1.64-1) ...
Selecting previously unselected package libfile-stripnondeterminism-perl.
Preparing to unpack .../04-libfile-stripnondeterminism-perl_1.1.2-1_all.deb ...
Unpacking libfile-stripnondeterminism-perl (1.1.2-1) ...
7Progress: [  3%] [###.................................................................................................................] 8Selecting previously unselected package dh-strip-nondeterminism.
Preparing to unpack .../05-dh-strip-nondeterminism_1.1.2-1_all.deb ...
Unpacking dh-strip-nondeterminism (1.1.2-1) ...
Selecting previously unselected package dwz.
Preparing to unpack .../06-dwz_0.12-3_amd64.deb ...
7Progress: [  4%] [####................................................................................................................] 8Unpacking dwz (0.12-3) ...
Selecting previously unselected package intltool-debian.
Preparing to unpack .../07-intltool-debian_0.35.0+20060710.5_all.deb ...
Unpacking intltool-debian (0.35.0+20060710.5) ...
7Progress: [  5%] [######..............................................................................................................] 8Selecting previously unselected package po-debconf.
Preparing to unpack .../08-po-debconf_1.0.21_all.deb ...
Unpacking po-debconf (1.0.21) ...
Selecting previously unselected package debhelper.
Preparing to unpack .../09-debhelper_12.1.1_all.deb ...
7Progress: [  6%] [#######.............................................................................................................] 8Unpacking debhelper (12.1.1) ...
Selecting previously unselected package libfakeroot:amd64.
Preparing to unpack .../10-libfakeroot_1.23-1_amd64.deb ...
Unpacking libfakeroot:amd64 (1.23-1) ...
7Progress: [  7%] [########............................................................................................................] 8Selecting previously unselected package fakeroot.
Preparing to unpack .../11-fakeroot_1.23-1_amd64.deb ...
Unpacking fakeroot (1.23-1) ...
Selecting previously unselected package libalgorithm-diff-perl.
Preparing to unpack .../12-libalgorithm-diff-perl_1.19.03-2_all.deb ...
7Progress: [  8%] [#########...........................................................................................................] 8Unpacking libalgorithm-diff-perl (1.19.03-2) ...
Selecting previously unselected package libalgorithm-diff-xs-perl.
Preparing to unpack .../13-libalgorithm-diff-xs-perl_0.04-5+b1_amd64.deb ...
Unpacking libalgorithm-diff-xs-perl (0.04-5+b1) ...
7Progress: [  9%] [##########..........................................................................................................] 8Selecting previously unselected package libalgorithm-merge-perl.
Preparing to unpack .../14-libalgorithm-merge-perl_0.08-3_all.deb ...
Unpacking libalgorithm-merge-perl (0.08-3) ...
Selecting previously unselected package libarchive-cpio-perl.
Preparing to unpack .../15-libarchive-cpio-perl_0.10-1_all.deb ...
7Progress: [ 10%] [###########.........................................................................................................] 8Unpacking libarchive-cpio-perl (0.10-1) ...
Selecting previously unselected package libjpeg62-turbo-dev:amd64.
Preparing to unpack .../16-libjpeg62-turbo-dev_1%3a1.5.2-2+b1_amd64.deb ...
Unpacking libjpeg62-turbo-dev:amd64 (1:1.5.2-2+b1) ...
7Progress: [ 11%] [############........................................................................................................] 8Selecting previously unselected package libjpeg-dev.
Preparing to unpack .../17-libjpeg-dev_1%3a1.5.2-2_all.deb ...
Unpacking libjpeg-dev (1:1.5.2-2) ...
Selecting previously unselected package libdjvulibre-dev:amd64.
Preparing to unpack .../18-libdjvulibre-dev_3.5.27.1-10_amd64.deb ...
7Progress: [ 12%] [##############......................................................................................................] 8Unpacking libdjvulibre-dev:amd64 (3.5.27.1-10) ...
Selecting previously unselected package libdrm-dev:amd64.
Preparing to unpack .../19-libdrm-dev_2.4.97-1_amd64.deb ...
Unpacking libdrm-dev:amd64 (2.4.97-1) ...
7Progress: [ 13%] [###############.....................................................................................................] 8Selecting previously unselected package mesa-common-dev:amd64.
Preparing to unpack .../20-mesa-common-dev_18.3.6-2+deb10u1_amd64.deb ...
Unpacking mesa-common-dev:amd64 (18.3.6-2+deb10u1) ...
Selecting previously unselected package libglvnd-core-dev:amd64.
Preparing to unpack .../21-libglvnd-core-dev_1.1.0-1_amd64.deb ...
7Progress: [ 14%] [################....................................................................................................] 8Unpacking libglvnd-core-dev:amd64 (1.1.0-1) ...
Selecting previously unselected package libgles1:amd64.
Preparing to unpack .../22-libgles1_1.1.0-1_amd64.deb ...
Unpacking libgles1:amd64 (1.1.0-1) ...
7Progress: [ 15%] [#################...................................................................................................] 8Selecting previously unselected package libopengl0:amd64.
Preparing to unpack .../23-libopengl0_1.1.0-1_amd64.deb ...
Unpacking libopengl0:amd64 (1.1.0-1) ...
Selecting previously unselected package libglvnd-dev:amd64.
Preparing to unpack .../24-libglvnd-dev_1.1.0-1_amd64.deb ...
7Progress: [ 16%] [##################..................................................................................................] 8Unpacking libglvnd-dev:amd64 (1.1.0-1) ...
Selecting previously unselected package libx11-xcb-dev:amd64.
Preparing to unpack .../25-libx11-xcb-dev_2%3a1.6.7-1+deb10u1_amd64.deb ...
Unpacking libx11-xcb-dev:amd64 (2:1.6.7-1+deb10u1) ...
7Progress: [ 17%] [###################.................................................................................................] 8Selecting previously unselected package libxcb-dri3-dev:amd64.
Preparing to unpack .../26-libxcb-dri3-dev_1.13.1-2_amd64.deb ...
Unpacking libxcb-dri3-dev:amd64 (1.13.1-2) ...
Selecting previously unselected package libxcb-render0-dev:amd64.
Preparing to unpack .../27-libxcb-render0-dev_1.13.1-2_amd64.deb ...
7Progress: [ 18%] [####################................................................................................................] 8Unpacking libxcb-render0-dev:amd64 (1.13.1-2) ...
Selecting previously unselected package libxcb-randr0-dev:amd64.
Preparing to unpack .../28-libxcb-randr0-dev_1.13.1-2_amd64.deb ...
Unpacking libxcb-randr0-dev:amd64 (1.13.1-2) ...
7Progress: [ 19%] [######################..............................................................................................] 8Selecting previously unselected package libxcb-shape0-dev:amd64.
Preparing to unpack .../29-libxcb-shape0-dev_1.13.1-2_amd64.deb ...
Unpacking libxcb-shape0-dev:amd64 (1.13.1-2) ...
Selecting previously unselected package libxcb-xfixes0-dev:amd64.
Preparing to unpack .../30-libxcb-xfixes0-dev_1.13.1-2_amd64.deb ...
7Progress: [ 20%] [#######################.............................................................................................] 8Unpacking libxcb-xfixes0-dev:amd64 (1.13.1-2) ...
Selecting previously unselected package libxcb-sync-dev:amd64.
Preparing to unpack .../31-libxcb-sync-dev_1.13.1-2_amd64.deb ...
Unpacking libxcb-sync-dev:amd64 (1.13.1-2) ...
Selecting previously unselected package libxcb-present-dev:amd64.
Preparing to unpack .../32-libxcb-present-dev_1.13.1-2_amd64.deb ...
7Progress: [ 21%] [########################............................................................................................] 8Unpacking libxcb-present-dev:amd64 (1.13.1-2) ...
Selecting previously unselected package libxshmfence-dev:amd64.
Preparing to unpack .../33-libxshmfence-dev_1.3-1_amd64.deb ...
Unpacking libxshmfence-dev:amd64 (1.3-1) ...
7Progress: [ 22%] [#########################...........................................................................................] 8Selecting previously unselected package libxcb-dri2-0-dev:amd64.
Preparing to unpack .../34-libxcb-dri2-0-dev_1.13.1-2_amd64.deb ...
Unpacking libxcb-dri2-0-dev:amd64 (1.13.1-2) ...
Selecting previously unselected package libxcb-glx0-dev:amd64.
Preparing to unpack .../35-libxcb-glx0-dev_1.13.1-2_amd64.deb ...
7Progress: [ 23%] [###########################.........................................................................................] 8Unpacking libxcb-glx0-dev:amd64 (1.13.1-2) ...
Selecting previously unselected package x11proto-fixes-dev.
Preparing to unpack .../36-x11proto-fixes-dev_1%3a2018.4-4_all.deb ...
Unpacking x11proto-fixes-dev (1:2018.4-4) ...
7Progress: [ 24%] [############################........................................................................................] 8Selecting previously unselected package libxfixes-dev:amd64.
Preparing to unpack .../37-libxfixes-dev_1%3a5.0.3-1_amd64.deb ...
Unpacking libxfixes-dev:amd64 (1:5.0.3-1) ...
Selecting previously unselected package x11proto-damage-dev.
Preparing to unpack .../38-x11proto-damage-dev_1%3a2018.4-4_all.deb ...
7Progress: [ 25%] [#############################.......................................................................................] 8Unpacking x11proto-damage-dev (1:2018.4-4) ...
Selecting previously unselected package libxdamage-dev:amd64.
Preparing to unpack .../39-libxdamage-dev_1%3a1.1.4-3+b3_amd64.deb ...
Unpacking libxdamage-dev:amd64 (1:1.1.4-3+b3) ...
7Progress: [ 26%] [##############################......................................................................................] 8Selecting previously unselected package x11proto-xext-dev.
Preparing to unpack .../40-x11proto-xext-dev_2018.4-4_all.deb ...
Unpacking x11proto-xext-dev (2018.4-4) ...
Selecting previously unselected package libxext-dev:amd64.
Preparing to unpack .../41-libxext-dev_2%3a1.3.3-1+b2_amd64.deb ...
7Progress: [ 27%] [###############################.....................................................................................] 8Unpacking libxext-dev:amd64 (2:1.3.3-1+b2) ...
Selecting previously unselected package x11proto-xf86vidmode-dev.
Preparing to unpack .../42-x11proto-xf86vidmode-dev_2018.4-4_all.deb ...
Unpacking x11proto-xf86vidmode-dev (2018.4-4) ...
7Progress: [ 28%] [################################....................................................................................] 8Selecting previously unselected package libxxf86vm-dev:amd64.
Preparing to unpack .../43-libxxf86vm-dev_1%3a1.1.4-1+b2_amd64.deb ...
Unpacking libxxf86vm-dev:amd64 (1:1.1.4-1+b2) ...
Selecting previously unselected package libgl1-mesa-dev:amd64.
Preparing to unpack .../44-libgl1-mesa-dev_18.3.6-2+deb10u1_amd64.deb ...
7Progress: [ 29%] [#################################...................................................................................] 8Unpacking libgl1-mesa-dev:amd64 (18.3.6-2+deb10u1) ...
Selecting previously unselected package libglu1-mesa-dev:amd64.
Preparing to unpack .../45-libglu1-mesa-dev_9.0.0-2.1+b3_amd64.deb ...
Unpacking libglu1-mesa-dev:amd64 (9.0.0-2.1+b3) ...
7Progress: [ 30%] [##################################..................................................................................] 8Selecting previously unselected package libsys-hostname-long-perl.
Preparing to unpack .../46-libsys-hostname-long-perl_1.5-1_all.deb ...
Unpacking libsys-hostname-long-perl (1.5-1) ...
Selecting previously unselected package libmail-sendmail-perl.
Preparing to unpack .../47-libmail-sendmail-perl_0.80-1_all.deb ...
7Progress: [ 31%] [####################################................................................................................] 8Unpacking libmail-sendmail-perl (0.80-1) ...
Selecting previously unselected package libmng1:amd64.
Preparing to unpack .../48-libmng1_1.0.10+dfsg-3.1+b5_amd64.deb ...
Unpacking libmng1:amd64 (1.0.10+dfsg-3.1+b5) ...
7Progress: [ 32%] [#####################################...............................................................................] 8Selecting previously unselected package qtcore4-l10n.
Preparing to unpack .../49-qtcore4-l10n_4%3a4.8.7+dfsg-18+deb10u1_all.deb ...
Unpacking qtcore4-l10n (4:4.8.7+dfsg-18+deb10u1) ...
Selecting previously unselected package libqtcore4:amd64.
Preparing to unpack .../50-libqtcore4_4%3a4.8.7+dfsg-18+deb10u1_amd64.deb ...
7Progress: [ 33%] [######################################..............................................................................] 8Unpacking libqtcore4:amd64 (4:4.8.7+dfsg-18+deb10u1) ...
Selecting previously unselected package libqt4-xml:amd64.
Preparing to unpack .../51-libqt4-xml_4%3a4.8.7+dfsg-18+deb10u1_amd64.deb ...
Unpacking libqt4-xml:amd64 (4:4.8.7+dfsg-18+deb10u1) ...
7Progress: [ 34%] [#######################################.............................................................................] 8Selecting previously unselected package libqtdbus4:amd64.
Preparing to unpack .../52-libqtdbus4_4%3a4.8.7+dfsg-18+deb10u1_amd64.deb ...
Unpacking libqtdbus4:amd64 (4:4.8.7+dfsg-18+deb10u1) ...
Selecting previously unselected package qtchooser.
Preparing to unpack .../53-qtchooser_66-2_amd64.deb ...
7Progress: [ 35%] [########################################............................................................................] 8Unpacking qtchooser (66-2) ...
Selecting previously unselected package qdbus.
Preparing to unpack .../54-qdbus_4%3a4.8.7+dfsg-18+deb10u1_amd64.deb ...
Unpacking qdbus (4:4.8.7+dfsg-18+deb10u1) ...
7Progress: [ 36%] [#########################################...........................................................................] 8Selecting previously unselected package libqt4-dbus:amd64.
Preparing to unpack .../55-libqt4-dbus_4%3a4.8.7+dfsg-18+deb10u1_amd64.deb ...
Unpacking libqt4-dbus:amd64 (4:4.8.7+dfsg-18+deb10u1) ...
Selecting previously unselected package libqt4-network:amd64.
Preparing to unpack .../56-libqt4-network_4%3a4.8.7+dfsg-18+deb10u1_amd64.deb ...
7Progress: [ 37%] [##########################################..........................................................................] 8Unpacking libqt4-network:amd64 (4:4.8.7+dfsg-18+deb10u1) ...
Selecting previously unselected package libqt4-script:amd64.
Preparing to unpack .../57-libqt4-script_4%3a4.8.7+dfsg-18+deb10u1_amd64.deb ...
Unpacking libqt4-script:amd64 (4:4.8.7+dfsg-18+deb10u1) ...
7Progress: [ 38%] [############################################........................................................................] 8Selecting previously unselected package libqt4-sql:amd64.
Preparing to unpack .../58-libqt4-sql_4%3a4.8.7+dfsg-18+deb10u1_amd64.deb ...
Unpacking libqt4-sql:amd64 (4:4.8.7+dfsg-18+deb10u1) ...
Selecting previously unselected package libqt4-xmlpatterns:amd64.
Preparing to unpack .../59-libqt4-xmlpatterns_4%3a4.8.7+dfsg-18+deb10u1_amd64.deb ...
7Progress: [ 39%] [#############################################.......................................................................] 8Unpacking libqt4-xmlpatterns:amd64 (4:4.8.7+dfsg-18+deb10u1) ...
Selecting previously unselected package libqtgui4:amd64.
Preparing to unpack .../60-libqtgui4_4%3a4.8.7+dfsg-18+deb10u1_amd64.deb ...
Unpacking libqtgui4:amd64 (4:4.8.7+dfsg-18+deb10u1) ...
7Progress: [ 40%] [##############################################......................................................................] 8Selecting previously unselected package libqt4-declarative:amd64.
Preparing to unpack .../61-libqt4-declarative_4%3a4.8.7+dfsg-18+deb10u1_amd64.deb ...
Unpacking libqt4-declarative:amd64 (4:4.8.7+dfsg-18+deb10u1) ...
Selecting previously unselected package libqt4-designer:amd64.
Preparing to unpack .../62-libqt4-designer_4%3a4.8.7+dfsg-18+deb10u1_amd64.deb ...
Unpacking libqt4-designer:amd64 (4:4.8.7+dfsg-18+deb10u1) ...
7Progress: [ 41%] [###############################################.....................................................................] 8Selecting previously unselected package libqt4-qt3support:amd64.
Preparing to unpack .../63-libqt4-qt3support_4%3a4.8.7+dfsg-18+deb10u1_amd64.deb ...
Unpacking libqt4-qt3support:amd64 (4:4.8.7+dfsg-18+deb10u1) ...
Selecting previously unselected package libqt4-dev-bin.
Preparing to unpack .../64-libqt4-dev-bin_4%3a4.8.7+dfsg-18+deb10u1_amd64.deb ...
7Progress: [ 42%] [#################################################...................................................................] 8Unpacking libqt4-dev-bin (4:4.8.7+dfsg-18+deb10u1) ...
Selecting previously unselected package libqt4-help:amd64.
Preparing to unpack .../65-libqt4-help_4%3a4.8.7+dfsg-18+deb10u1_amd64.deb ...
Unpacking libqt4-help:amd64 (4:4.8.7+dfsg-18+deb10u1) ...
7Progress: [ 43%] [##################################################..................................................................] 8Selecting previously unselected package libqt4-scripttools:amd64.
Preparing to unpack .../66-libqt4-scripttools_4%3a4.8.7+dfsg-18+deb10u1_amd64.deb ...
Unpacking libqt4-scripttools:amd64 (4:4.8.7+dfsg-18+deb10u1) ...
Selecting previously unselected package libqt4-svg:amd64.
Preparing to unpack .../67-libqt4-svg_4%3a4.8.7+dfsg-18+deb10u1_amd64.deb ...
7Progress: [ 44%] [###################################################.................................................................] 8Unpacking libqt4-svg:amd64 (4:4.8.7+dfsg-18+deb10u1) ...
Selecting previously unselected package libqt4-test:amd64.
Preparing to unpack .../68-libqt4-test_4%3a4.8.7+dfsg-18+deb10u1_amd64.deb ...
Unpacking libqt4-test:amd64 (4:4.8.7+dfsg-18+deb10u1) ...
7Progress: [ 45%] [####################################################................................................................] 8Selecting previously unselected package qt4-linguist-tools.
Preparing to unpack .../69-qt4-linguist-tools_4%3a4.8.7+dfsg-18+deb10u1_amd64.deb ...
Unpacking qt4-linguist-tools (4:4.8.7+dfsg-18+deb10u1) ...
Selecting previously unselected package qt4-qmake.
Preparing to unpack .../70-qt4-qmake_4%3a4.8.7+dfsg-18+deb10u1_amd64.deb ...
7Progress: [ 46%] [#####################################################...............................................................] 8Unpacking qt4-qmake (4:4.8.7+dfsg-18+deb10u1) ...
Selecting previously unselected package libqt4-dev.
Preparing to unpack .../71-libqt4-dev_4%3a4.8.7+dfsg-18+deb10u1_amd64.deb ...
Unpacking libqt4-dev (4:4.8.7+dfsg-18+deb10u1) ...
7Progress: [ 47%] [######################################################..............................................................] 8Selecting previously unselected package libqt4-opengl:amd64.
Preparing to unpack .../72-libqt4-opengl_4%3a4.8.7+dfsg-18+deb10u1_amd64.deb ...
Unpacking libqt4-opengl:amd64 (4:4.8.7+dfsg-18+deb10u1) ...
Selecting previously unselected package libqt4-opengl-dev.
Preparing to unpack .../73-libqt4-opengl-dev_4%3a4.8.7+dfsg-18+deb10u1_amd64.deb ...
7Progress: [ 48%] [#######################################################.............................................................] 8Unpacking libqt4-opengl-dev (4:4.8.7+dfsg-18+deb10u1) ...
Selecting previously unselected package libqt4-sql-mysql:amd64.
Preparing to unpack .../74-libqt4-sql-mysql_4%3a4.8.7+dfsg-18+deb10u1_amd64.deb ...
Unpacking libqt4-sql-mysql:amd64 (4:4.8.7+dfsg-18+deb10u1) ...
7Progress: [ 49%] [#########################################################...........................................................] 8Selecting previously unselected package qt-at-spi:amd64.
Preparing to unpack .../75-qt-at-spi_0.4.0-9_amd64.deb ...
Unpacking qt-at-spi:amd64 (0.4.0-9) ...
Setting up libmng1:amd64 (1.0.10+dfsg-3.1+b5) ...
7Progress: [ 50%] [##########################################################..........................................................] 8Setting up libx11-xcb-dev:amd64 (2:1.6.7-1+deb10u1) ...
7Progress: [ 51%] [###########################################################.........................................................] 8Setting up libdrm-dev:amd64 (2.4.97-1) ...
Setting up libglvnd-core-dev:amd64 (1.1.0-1) ...
7Progress: [ 52%] [############################################################........................................................] 8Setting up libxshmfence-dev:amd64 (1.3-1) ...
7Progress: [ 53%] [#############################################################.......................................................] 8Setting up libalgorithm-diff-perl (1.19.03-2) ...
Setting up libarchive-zip-perl (1.64-1) ...
7Progress: [ 54%] [##############################################################......................................................] 8Setting up libxcb-dri3-dev:amd64 (1.13.1-2) ...
7Progress: [ 55%] [###############################################################.....................................................] 8Setting up libopengl0:amd64 (1.1.0-1) ...
Setting up libfakeroot:amd64 (1.23-1) ...
7Progress: [ 56%] [#################################################################...................................................] 8Setting up dpkg-dev (1.19.7) ...
7Progress: [ 57%] [##################################################################..................................................] 8Setting up intltool-debian (0.35.0+20060710.5) ...
Setting up fakeroot (1.23-1) ...
7Progress: [ 58%] [###################################################################.................................................] 8update-alternatives: using /usr/bin/fakeroot-sysv to provide /usr/bin/fakeroot (fakeroot) in auto mode
Setting up libxcb-dri2-0-dev:amd64 (1.13.1-2) ...
7Progress: [ 59%] [####################################################################................................................] 8Setting up x11proto-damage-dev (1:2018.4-4) ...
Setting up libjpeg62-turbo-dev:amd64 (1:1.5.2-2+b1) ...
7Progress: [ 60%] [#####################################################################...............................................] 8Setting up libgles1:amd64 (1.1.0-1) ...
Setting up libxcb-render0-dev:amd64 (1.13.1-2) ...
7Progress: [ 61%] [#######################################################################.............................................] 8Setting up libxcb-glx0-dev:amd64 (1.13.1-2) ...
7Progress: [ 62%] [########################################################################............................................] 8Setting up libxcb-shape0-dev:amd64 (1.13.1-2) ...
Setting up x11proto-xf86vidmode-dev (2018.4-4) ...
7Progress: [ 63%] [#########################################################################...........................................] 8Setting up x11proto-xext-dev (2018.4-4) ...
7Progress: [ 64%] [##########################################################################..........................................] 8Setting up dwz (0.12-3) ...
Setting up libarchive-cpio-perl (0.10-1) ...
7Progress: [ 65%] [###########################################################################.........................................] 8Setting up build-essential (12.6) ...
7Progress: [ 66%] [############################################################################........................................] 8Setting up libxcb-sync-dev:amd64 (1.13.1-2) ...
Setting up mesa-common-dev:amd64 (18.3.6-2+deb10u1) ...
7Progress: [ 67%] [#############################################################################.......................................] 8Setting up libxcb-xfixes0-dev:amd64 (1.13.1-2) ...
7Progress: [ 68%] [###############################################################################.....................................] 8Setting up x11proto-fixes-dev (1:2018.4-4) ...
Setting up libsys-hostname-long-perl (1.5-1) ...
7Progress: [ 69%] [################################################################################....................................] 8Setting up libalgorithm-diff-xs-perl (0.04-5+b1) ...
7Progress: [ 70%] [#################################################################################...................................] 8Setting up qtchooser (66-2) ...
Setting up qtcore4-l10n (4:4.8.7+dfsg-18+deb10u1) ...
7Progress: [ 71%] [##################################################################################..................................] 8Setting up libalgorithm-merge-perl (0.08-3) ...
7Progress: [ 72%] [###################################################################################.................................] 8Setting up libfile-stripnondeterminism-perl (1.1.2-1) ...
Setting up po-debconf (1.0.21) ...
7Progress: [ 73%] [####################################################################################................................] 8Setting up libxxf86vm-dev:amd64 (1:1.1.4-1+b2) ...
7Progress: [ 74%] [#####################################################################################...............................] 8Setting up libjpeg-dev (1:1.5.2-2) ...
Setting up libglvnd-dev:amd64 (1.1.0-1) ...
7Progress: [ 75%] [#######################################################################################.............................] 8Setting up libdjvulibre-dev:amd64 (3.5.27.1-10) ...
7Progress: [ 76%] [########################################################################################............................] 8Setting up libxfixes-dev:amd64 (1:5.0.3-1) ...
Setting up libmail-sendmail-perl (0.80-1) ...
7Progress: [ 77%] [#########################################################################################...........................] 8Setting up libxcb-randr0-dev:amd64 (1.13.1-2) ...
7Progress: [ 78%] [##########################################################################################..........................] 8Setting up libxcb-present-dev:amd64 (1.13.1-2) ...
Setting up qt4-qmake (4:4.8.7+dfsg-18+deb10u1) ...
7Progress: [ 79%] [###########################################################################################.........................] 8Setting up libqtcore4:amd64 (4:4.8.7+dfsg-18+deb10u1) ...
7Progress: [ 80%] [############################################################################################........................] 8Setting up libxext-dev:amd64 (2:1.3.3-1+b2) ...
Setting up libxdamage-dev:amd64 (1:1.1.4-3+b3) ...
7Progress: [ 81%] [##############################################################################################......................] 8Setting up libqtgui4:amd64 (4:4.8.7+dfsg-18+deb10u1) ...
Setting up libqt4-sql:amd64 (4:4.8.7+dfsg-18+deb10u1) ...
7Progress: [ 82%] [###############################################################################################.....................] 8Setting up libqt4-xml:amd64 (4:4.8.7+dfsg-18+deb10u1) ...
7Progress: [ 83%] [################################################################################################....................] 8Setting up libqt4-test:amd64 (4:4.8.7+dfsg-18+deb10u1) ...
Setting up libqt4-sql-mysql:amd64 (4:4.8.7+dfsg-18+deb10u1) ...
7Progress: [ 84%] [#################################################################################################...................] 8Setting up libqt4-svg:amd64 (4:4.8.7+dfsg-18+deb10u1) ...
7Progress: [ 85%] [##################################################################################################..................] 8Setting up libgl1-mesa-dev:amd64 (18.3.6-2+deb10u1) ...
Setting up libqt4-opengl:amd64 (4:4.8.7+dfsg-18+deb10u1) ...
7Progress: [ 86%] [####################################################################################################................] 8Setting up libqtdbus4:amd64 (4:4.8.7+dfsg-18+deb10u1) ...
7Progress: [ 87%] [#####################################################################################################...............] 8Setting up libqt4-network:amd64 (4:4.8.7+dfsg-18+deb10u1) ...
Setting up qt4-linguist-tools (4:4.8.7+dfsg-18+deb10u1) ...
7Progress: [ 88%] [######################################################################################################..............] 8Setting up libqt4-help:amd64 (4:4.8.7+dfsg-18+deb10u1) ...
7Progress: [ 89%] [#######################################################################################################.............] 8Setting up libqt4-xmlpatterns:amd64 (4:4.8.7+dfsg-18+deb10u1) ...
Setting up libglu1-mesa-dev:amd64 (9.0.0-2.1+b3) ...
7Progress: [ 90%] [########################################################################################################............] 8Setting up qdbus (4:4.8.7+dfsg-18+deb10u1) ...
7Progress: [ 91%] [#########################################################################################################...........] 8Setting up libqt4-script:amd64 (4:4.8.7+dfsg-18+deb10u1) ...
Setting up libqt4-declarative:amd64 (4:4.8.7+dfsg-18+deb10u1) ...
7Progress: [ 92%] [##########################################################################################################..........] 8Setting up libqt4-designer:amd64 (4:4.8.7+dfsg-18+deb10u1) ...
7Progress: [ 93%] [############################################################################################################........] 8Setting up libqt4-qt3support:amd64 (4:4.8.7+dfsg-18+deb10u1) ...
Setting up libqt4-scripttools:amd64 (4:4.8.7+dfsg-18+deb10u1) ...
7Progress: [ 94%] [#############################################################################################################.......] 8Setting up libqt4-dbus:amd64 (4:4.8.7+dfsg-18+deb10u1) ...
7Progress: [ 95%] [##############################################################################################################......] 8Setting up qt-at-spi:amd64 (0.4.0-9) ...
Setting up libqt4-dev-bin (4:4.8.7+dfsg-18+deb10u1) ...
7Progress: [ 96%] [###############################################################################################################.....] 8Setting up libqt4-dev (4:4.8.7+dfsg-18+deb10u1) ...
7Progress: [ 97%] [################################################################################################################....] 8Setting up libqt4-opengl-dev (4:4.8.7+dfsg-18+deb10u1) ...
Setting up debhelper (12.1.1) ...
7Progress: [ 98%] [#################################################################################################################...] 8Setting up dh-autoreconf (19) ...
7Progress: [ 99%] [##################################################################################################################..] 8Setting up dh-strip-nondeterminism (1.1.2-1) ...
Processing triggers for libc-bin (2.28-10) ...
Processing triggers for man-db (2.8.5-2) ...

78root@debian2:~# dpkg-buildpackage -uc -us -b -rfakeroot
dpkg-buildpackage: error: cannot open file debian/changelog: No such file or directory
root@debian2:~# logout
jsbien@debian2:~/djview4shapes$ exit

Process shell exited abnormally with code 255
jsbien@debian2:~/djview4shapes$ dpkg-buildpackage -uc -us -b -rfakeroot
dpkg-buildpackage: info: source package djview4shapes
dpkg-buildpackage: info: source version 0.62
dpkg-buildpackage: info: source distribution experimental
dpkg-buildpackage: info: source changed by Janusz S. Bień <jsbien@mimuw.edu.pl>
dpkg-buildpackage: info: host architecture amd64
 dpkg-source --before-build .
 fakeroot debian/rules clean
dh clean  --parallel
dh: Compatibility levels before 9 are deprecated (level 8 in use)
   debian/rules override_dh_auto_clean
make[1]: Entering directory '/home/jsbien/djview4shapes'
dh_auto_clean -Dsrc/
dh_auto_clean: Compatibility levels before 9 are deprecated (level 8 in use)
	cd src && make -j2 distclean
make[2]: Entering directory '/home/jsbien/djview4shapes/src'
make -f Makefile.Release distclean
make -f Makefile.Debug distclean
make[3]: Entering directory '/home/jsbien/djview4shapes/src'
make[3]: Entering directory '/home/jsbien/djview4shapes/src'
Makefile.Debug:225: warning: overriding recipe for target 'debug/qrc_resources.cpp'
Makefile.Debug:216: warning: ignoring old recipe for target 'debug/qrc_resources.cpp'
Makefile.Release:225: warning: overriding recipe for target 'release/qrc_resources.cpp'
Makefile.Release:216: warning: ignoring old recipe for target 'release/qrc_resources.cpp'
Makefile.Debug:4489: warning: overriding recipe for target 'debug/moc_qdjvunet.cpp'
Makefile.Debug:1401: warning: ignoring old recipe for target 'debug/moc_qdjvunet.cpp'
Makefile.Release:4489: warning: overriding recipe for target 'release/moc_qdjvunet.cpp'
Makefile.Release:1401: warning: ignoring old recipe for target 'release/moc_qdjvunet.cpp'
rm -f debug/qrc_resources.cpp debug/qrc_resources.cpp
rm -f release/qrc_resources.cpp release/qrc_resources.cpp
rm -f debug/moc_predefs.h
rm -f debug/moc_recentfiles.cpp debug/moc_mainwindow.cpp debug/moc_qdjvuwidget.cpp debug/moc_qdjvunet.cpp debug/moc_qdjvu.cpp debug/moc_messagedialog.cpp debug/moc_shapeswidget.cpp debug/moc_shapeextractor.cpp debug/moc_shapemodel.cpp debug/moc_shapedocument.cpp debug/moc_shapepreview.cpp debug/moc_shapepreviewlist.cpp debug/moc_preferencesdialog.cpp debug/moc_helpdialog.cpp debug/moc_qdjvunet.cpp
rm -f release/moc_predefs.h
rm -f debug/qdjvuwidget.moc debug/qdjvu.moc debug/qdjvunet.moc
rm -f ui_mainwindow.h ui_preferencesdialog.h ui_helpdialog.h
rm -f release/moc_recentfiles.cpp release/moc_mainwindow.cpp release/moc_qdjvuwidget.cpp release/moc_qdjvunet.cpp release/moc_qdjvu.cpp release/moc_messagedialog.cpp release/moc_shapeswidget.cpp release/moc_shapeextractor.cpp release/moc_shapemodel.cpp release/moc_shapedocument.cpp release/moc_shapepreview.cpp release/moc_shapepreviewlist.cpp release/moc_preferencesdialog.cpp release/moc_helpdialog.cpp release/moc_qdjvunet.cpp
rm -f debug/recentfiles.o debug/mainwindow.o debug/qdjvuwidget.o debug/qdjvu.o debug/messagedialog.o debug/version.o debug/main.o debug/shapeswidget.o debug/shapeextractor.o debug/shape.o debug/shapelist.o debug/shapemodel.o debug/blit.o debug/shapedocument.o debug/shapepreview.o debug/shapepreviewlist.o debug/preferencesdialog.o debug/helpdialog.o debug/qdjvunet.o debug/djview-shapes_plugin_import.o debug/qrc_resources.o debug/moc_recentfiles.o debug/moc_mainwindow.o debug/moc_qdjvuwidget.o debug/moc_qdjvunet.o debug/moc_qdjvu.o debug/moc_messagedialog.o debug/moc_shapeswidget.o debug/moc_shapeextractor.o debug/moc_shapemodel.o debug/moc_shapedocument.o debug/moc_shapepreview.o debug/moc_shapepreviewlist.o debug/moc_preferencesdialog.o debug/moc_helpdialog.o
rm -f release/qdjvuwidget.moc release/qdjvu.moc release/qdjvunet.moc
rm -f debug/windows_res.o
rm -f ui_mainwindow.h ui_preferencesdialog.h ui_helpdialog.h
rm -f /home/jsbien/djview4shapes/src/djview-shapes_plugin_import.cpp .qmake.stash
rm -f release/recentfiles.o release/mainwindow.o release/qdjvuwidget.o release/qdjvu.o release/messagedialog.o release/version.o release/main.o release/shapeswidget.o release/shapeextractor.o release/shape.o release/shapelist.o release/shapemodel.o release/blit.o release/shapedocument.o release/shapepreview.o release/shapepreviewlist.o release/preferencesdialog.o release/helpdialog.o release/qdjvunet.o release/djview-shapes_plugin_import.o release/qrc_resources.o release/moc_recentfiles.o release/moc_mainwindow.o release/moc_qdjvuwidget.o release/moc_qdjvunet.o release/moc_qdjvu.o release/moc_messagedialog.o release/moc_shapeswidget.o release/moc_shapeextractor.o release/moc_shapemodel.o release/moc_shapedocument.o release/moc_shapepreview.o release/moc_shapepreviewlist.o release/moc_preferencesdialog.o release/moc_helpdialog.o
rm -f debug/djview-shapes.exe
rm -f Makefile.Debug
rm -f release/windows_res.o
make[3]: Leaving directory '/home/jsbien/djview4shapes/src'
rm -f /home/jsbien/djview4shapes/src/djview-shapes_plugin_import.cpp .qmake.stash
rm -f release/djview-shapes.exe
rm -f Makefile.Release
make[3]: Leaving directory '/home/jsbien/djview4shapes/src'
rm -f Makefile
rm -f /home/jsbien/djview4shapes/src/djview-shapes_plugin_import.cpp .qmake.stash
make[2]: Leaving directory '/home/jsbien/djview4shapes/src'
make[1]: Leaving directory '/home/jsbien/djview4shapes'
   dh_clean -O--parallel
dh_clean: Compatibility levels before 9 are deprecated (level 8 in use)
 debian/rules build
dh build  --parallel
dh: Compatibility levels before 9 are deprecated (level 8 in use)
   dh_update_autotools_config -O--parallel
   debian/rules override_dh_auto_build
make[1]: Entering directory '/home/jsbien/djview4shapes'
cd src && qmake && make
sh: 1: hg: not found
make[2]: Entering directory '/home/jsbien/djview4shapes/src'
Makefile:366: warning: overriding recipe for target 'moc_qdjvunet.cpp'
Makefile:280: warning: ignoring old recipe for target 'moc_qdjvunet.cpp'
Makefile:385: warning: overriding recipe for target 'qrc_resources.cpp'
Makefile:377: warning: ignoring old recipe for target 'qrc_resources.cpp'
g++ -c -m64 -pipe -std=c++11 -O2 -Wall -W -D_REENTRANT -DHGID=\"\" -DQT_NO_DEBUG -DQT_OPENGL_LIB -DQT_GUI_LIB -DQT_NETWORK_LIB -DQT_CORE_LIB -DQT_SHARED -I/usr/share/qt4/mkspecs/linux-g++-64 -I. -I/usr/include/qt4/QtCore -I/usr/include/qt4/QtNetwork -I/usr/include/qt4/QtGui -I/usr/include/qt4/QtOpenGL -I/usr/include/qt4 -I. -I/usr/X11R6/include -I. -I. -o version.o version.cpp
/usr/lib/x86_64-linux-gnu/qt4/bin/uic mainwindow.ui -o ui_mainwindow.h
/usr/lib/x86_64-linux-gnu/qt4/bin/uic preferencesdialog.ui -o ui_preferencesdialog.h
/usr/lib/x86_64-linux-gnu/qt4/bin/uic helpdialog.ui -o ui_helpdialog.h
g++ -c -m64 -pipe -std=c++11 -O2 -Wall -W -D_REENTRANT -DHGID=\"\" -DQT_NO_DEBUG -DQT_OPENGL_LIB -DQT_GUI_LIB -DQT_NETWORK_LIB -DQT_CORE_LIB -DQT_SHARED -I/usr/share/qt4/mkspecs/linux-g++-64 -I. -I/usr/include/qt4/QtCore -I/usr/include/qt4/QtNetwork -I/usr/include/qt4/QtGui -I/usr/include/qt4/QtOpenGL -I/usr/include/qt4 -I. -I/usr/X11R6/include -I. -I. -o recentfiles.o recentfiles.cpp
In file included from recentfiles.cpp:15:
recentfiles.h:18:10: fatal error: QtWidgets: No such file or directory
 #include <QtWidgets>
          ^~~~~~~~~~~
compilation terminated.
make[2]: *** [Makefile:470: recentfiles.o] Error 1
make[2]: Leaving directory '/home/jsbien/djview4shapes/src'
make[1]: *** [debian/rules:8: override_dh_auto_build] Error 2
make[1]: Leaving directory '/home/jsbien/djview4shapes'
make: *** [debian/rules:27: build] Error 2
dpkg-buildpackage: error: debian/rules build subprocess returned exit status 2
jsbien@debian2:~/djview4shapes$ 