jsbien@debian2:~/test$ cd djview4shapes/src/
jsbien@debian2:~/test/djview4shapes/src$ ./cross-compile.sh 
+ export MXE_PATH=/home/jsbien/test/djview4shapes/src/mxe
+ MXE_PATH=/home/jsbien/test/djview4shapes/src/mxe
+ export MXE_TARGET=x86_64-w64-mingw32.static
+ MXE_TARGET=x86_64-w64-mingw32.static
+ export MAKE_JOBS=6
+ MAKE_JOBS=6
+ SRC_DIR=/home/jsbien/test/djview4shapes/src
+ '[' -z '' ']'
+ '[' '!' -e /home/jsbien/test/djview4shapes/src/mxe ']'
+ cd /home/jsbien/test/djview4shapes/src/mxe
+ make qtbase MXE_TARGETS=x86_64-w64-mingw32.static -j6
[build]       harfbuzz               x86_64-w64-mingw32.static
[done]        harfbuzz               x86_64-w64-mingw32.static                              958340 KiB     13m42.872s
[build]       freetype               x86_64-w64-mingw32.static
[done]        freetype               x86_64-w64-mingw32.static                              27528 KiB      0m17.939s
[build]       qtbase                 x86_64-w64-mingw32.static
[done]        qtbase                 x86_64-w64-mingw32.static                              835892 KiB     27m18.448s
+ make djvulibre MXE_TARGETS=x86_64-w64-mingw32.static -j6
[download]    xz-5.2.5.tar.gz
[download]    libwebp-1.0.3.tar.gz
[download]    tiff-4.1.0.tar.gz
[download]    djvulibre-3.5.27.tar.gz
[build]       libwebp                x86_64-w64-mingw32.static
[build]       xz                     x86_64-w64-mingw32.static
[done]        xz                     x86_64-w64-mingw32.static                              11688 KiB      0m26.220s
[done]        libwebp                x86_64-w64-mingw32.static                              32160 KiB      0m35.324s
[build]       tiff                   x86_64-w64-mingw32.static
[done]        tiff                   x86_64-w64-mingw32.static                              16248 KiB      0m35.677s
[build]       djvulibre              x86_64-w64-mingw32.static
[done]        djvulibre              x86_64-w64-mingw32.static                              92604 KiB      1m18.587s
+ export PATH=/home/jsbien/test/djview4shapes/src/mxe/usr/bin:/usr/local/bin:/usr/bin:/bin:/usr/local/games:/usr/games
+ PATH=/home/jsbien/test/djview4shapes/src/mxe/usr/bin:/usr/local/bin:/usr/bin:/bin:/usr/local/games:/usr/games
+ cd /home/jsbien/test/djview4shapes/src
+ x86_64-w64-mingw32.static-qmake-qt5
Info: creating stash file /home/jsbien/test/djview4shapes/src/.qmake.stash
Project MESSAGE: Cross compilation target: x86_64-w64-mingw32.static
Project MESSAGE: Cross compilation target: x86_64-w64-mingw32.static
Project MESSAGE: Cross compilation target: x86_64-w64-mingw32.static
+ make -j6
make -f Makefile.Release
make[1]: Entering directory '/home/jsbien/test/djview4shapes/src'
Makefile.Release:225: warning: overriding recipe for target 'release/qrc_resources.cpp'
Makefile.Release:216: warning: ignoring old recipe for target 'release/qrc_resources.cpp'
Makefile.Release:4191: warning: overriding recipe for target 'release/moc_qdjvunet.cpp'
Makefile.Release:1374: warning: ignoring old recipe for target 'release/moc_qdjvunet.cpp'
/home/jsbien/test/djview4shapes/src/mxe/usr/x86_64-w64-mingw32.static/qt5/bin/uic mainwindow.ui -o ui_mainwindow.h
/home/jsbien/test/djview4shapes/src/mxe/usr/x86_64-w64-mingw32.static/qt5/bin/uic preferencesdialog.ui -o ui_preferencesdialog.h
/home/jsbien/test/djview4shapes/src/mxe/usr/x86_64-w64-mingw32.static/qt5/bin/uic helpdialog.ui -o ui_helpdialog.h
x86_64-w64-mingw32.static-g++ -c -pipe -fno-keep-inline-dllexport -std=c++11 -DDDJVUAPI= -DMINILISPAPI= -O2 -std=gnu++11 -Wall -Wextra -Wextra -ffunction-sections -fdata-sections -fexceptions -mthreads -DUNICODE -D_UNICODE -DWIN32 -DMINGW_HAS_SECURE_API=1 -DQT_NO_DEBUG -DQT_OPENGL_LIB -DQT_WIDGETS_LIB -DQT_GUI_LIB -DQT_NETWORK_LIB -DQT_CORE_LIB -DQT_NEEDS_QMAIN -I. -I. -Imxe/usr/x86_64-w64-mingw32.static/qt5/include -Imxe/usr/x86_64-w64-mingw32.static/qt5/include/QtOpenGL -Imxe/usr/x86_64-w64-mingw32.static/qt5/include/QtWidgets -Imxe/usr/x86_64-w64-mingw32.static/qt5/include/QtGui -Imxe/usr/x86_64-w64-mingw32.static/qt5/include/QtNetwork -Imxe/usr/x86_64-w64-mingw32.static/qt5/include/QtCore -Irelease -I. -Imxe/usr/x86_64-w64-mingw32.static/qt5/mkspecs/win32-g++  -o release/recentfiles.o recentfiles.cpp
x86_64-w64-mingw32.static-g++ -pipe -fno-keep-inline-dllexport -std=c++11 -DDDJVUAPI= -DMINILISPAPI= -O2 -std=gnu++11 -Wall -Wextra -Wextra -ffunction-sections -fdata-sections -dM -E -o release/moc_predefs.h mxe/usr/x86_64-w64-mingw32.static/qt5/mkspecs/features/data/dummy.cpp
x86_64-w64-mingw32.static-g++ -c -pipe -fno-keep-inline-dllexport -std=c++11 -DDDJVUAPI= -DMINILISPAPI= -O2 -std=gnu++11 -Wall -Wextra -Wextra -ffunction-sections -fdata-sections -fexceptions -mthreads -DUNICODE -D_UNICODE -DWIN32 -DMINGW_HAS_SECURE_API=1 -DQT_NO_DEBUG -DQT_OPENGL_LIB -DQT_WIDGETS_LIB -DQT_GUI_LIB -DQT_NETWORK_LIB -DQT_CORE_LIB -DQT_NEEDS_QMAIN -I. -I. -Imxe/usr/x86_64-w64-mingw32.static/qt5/include -Imxe/usr/x86_64-w64-mingw32.static/qt5/include/QtOpenGL -Imxe/usr/x86_64-w64-mingw32.static/qt5/include/QtWidgets -Imxe/usr/x86_64-w64-mingw32.static/qt5/include/QtGui -Imxe/usr/x86_64-w64-mingw32.static/qt5/include/QtNetwork -Imxe/usr/x86_64-w64-mingw32.static/qt5/include/QtCore -Irelease -I. -Imxe/usr/x86_64-w64-mingw32.static/qt5/mkspecs/win32-g++  -o release/messagedialog.o messagedialog.cpp
x86_64-w64-mingw32.static-g++ -c -pipe -fno-keep-inline-dllexport -std=c++11 -DDDJVUAPI= -DMINILISPAPI= -O2 -std=gnu++11 -Wall -Wextra -Wextra -ffunction-sections -fdata-sections -fexceptions -mthreads -DUNICODE -D_UNICODE -DWIN32 -DMINGW_HAS_SECURE_API=1 -DQT_NO_DEBUG -DQT_OPENGL_LIB -DQT_WIDGETS_LIB -DQT_GUI_LIB -DQT_NETWORK_LIB -DQT_CORE_LIB -DQT_NEEDS_QMAIN -I. -I. -Imxe/usr/x86_64-w64-mingw32.static/qt5/include -Imxe/usr/x86_64-w64-mingw32.static/qt5/include/QtOpenGL -Imxe/usr/x86_64-w64-mingw32.static/qt5/include/QtWidgets -Imxe/usr/x86_64-w64-mingw32.static/qt5/include/QtGui -Imxe/usr/x86_64-w64-mingw32.static/qt5/include/QtNetwork -Imxe/usr/x86_64-w64-mingw32.static/qt5/include/QtCore -Irelease -I. -Imxe/usr/x86_64-w64-mingw32.static/qt5/mkspecs/win32-g++  -o release/version.o version.cpp
x86_64-w64-mingw32.static-g++ -c -pipe -fno-keep-inline-dllexport -std=c++11 -DDDJVUAPI= -DMINILISPAPI= -O2 -std=gnu++11 -Wall -Wextra -Wextra -ffunction-sections -fdata-sections -fexceptions -mthreads -DUNICODE -D_UNICODE -DWIN32 -DMINGW_HAS_SECURE_API=1 -DQT_NO_DEBUG -DQT_OPENGL_LIB -DQT_WIDGETS_LIB -DQT_GUI_LIB -DQT_NETWORK_LIB -DQT_CORE_LIB -DQT_NEEDS_QMAIN -I. -I. -Imxe/usr/x86_64-w64-mingw32.static/qt5/include -Imxe/usr/x86_64-w64-mingw32.static/qt5/include/QtOpenGL -Imxe/usr/x86_64-w64-mingw32.static/qt5/include/QtWidgets -Imxe/usr/x86_64-w64-mingw32.static/qt5/include/QtGui -Imxe/usr/x86_64-w64-mingw32.static/qt5/include/QtNetwork -Imxe/usr/x86_64-w64-mingw32.static/qt5/include/QtCore -Irelease -I. -Imxe/usr/x86_64-w64-mingw32.static/qt5/mkspecs/win32-g++  -o release/main.o main.cpp
x86_64-w64-mingw32.static-g++ -c -pipe -fno-keep-inline-dllexport -std=c++11 -DDDJVUAPI= -DMINILISPAPI= -O2 -std=gnu++11 -Wall -Wextra -Wextra -ffunction-sections -fdata-sections -fexceptions -mthreads -DUNICODE -D_UNICODE -DWIN32 -DMINGW_HAS_SECURE_API=1 -DQT_NO_DEBUG -DQT_OPENGL_LIB -DQT_WIDGETS_LIB -DQT_GUI_LIB -DQT_NETWORK_LIB -DQT_CORE_LIB -DQT_NEEDS_QMAIN -I. -I. -Imxe/usr/x86_64-w64-mingw32.static/qt5/include -Imxe/usr/x86_64-w64-mingw32.static/qt5/include/QtOpenGL -Imxe/usr/x86_64-w64-mingw32.static/qt5/include/QtWidgets -Imxe/usr/x86_64-w64-mingw32.static/qt5/include/QtGui -Imxe/usr/x86_64-w64-mingw32.static/qt5/include/QtNetwork -Imxe/usr/x86_64-w64-mingw32.static/qt5/include/QtCore -Irelease -I. -Imxe/usr/x86_64-w64-mingw32.static/qt5/mkspecs/win32-g++  -o release/shapeswidget.o shapeswidget.cpp
x86_64-w64-mingw32.static-g++ -c -pipe -fno-keep-inline-dllexport -std=c++11 -DDDJVUAPI= -DMINILISPAPI= -O2 -std=gnu++11 -Wall -Wextra -Wextra -ffunction-sections -fdata-sections -fexceptions -mthreads -DUNICODE -D_UNICODE -DWIN32 -DMINGW_HAS_SECURE_API=1 -DQT_NO_DEBUG -DQT_OPENGL_LIB -DQT_WIDGETS_LIB -DQT_GUI_LIB -DQT_NETWORK_LIB -DQT_CORE_LIB -DQT_NEEDS_QMAIN -I. -I. -Imxe/usr/x86_64-w64-mingw32.static/qt5/include -Imxe/usr/x86_64-w64-mingw32.static/qt5/include/QtOpenGL -Imxe/usr/x86_64-w64-mingw32.static/qt5/include/QtWidgets -Imxe/usr/x86_64-w64-mingw32.static/qt5/include/QtGui -Imxe/usr/x86_64-w64-mingw32.static/qt5/include/QtNetwork -Imxe/usr/x86_64-w64-mingw32.static/qt5/include/QtCore -Irelease -I. -Imxe/usr/x86_64-w64-mingw32.static/qt5/mkspecs/win32-g++  -o release/shapeextractor.o shapeextractor.cpp
x86_64-w64-mingw32.static-g++ -c -pipe -fno-keep-inline-dllexport -std=c++11 -DDDJVUAPI= -DMINILISPAPI= -O2 -std=gnu++11 -Wall -Wextra -Wextra -ffunction-sections -fdata-sections -fexceptions -mthreads -DUNICODE -D_UNICODE -DWIN32 -DMINGW_HAS_SECURE_API=1 -DQT_NO_DEBUG -DQT_OPENGL_LIB -DQT_WIDGETS_LIB -DQT_GUI_LIB -DQT_NETWORK_LIB -DQT_CORE_LIB -DQT_NEEDS_QMAIN -I. -I. -Imxe/usr/x86_64-w64-mingw32.static/qt5/include -Imxe/usr/x86_64-w64-mingw32.static/qt5/include/QtOpenGL -Imxe/usr/x86_64-w64-mingw32.static/qt5/include/QtWidgets -Imxe/usr/x86_64-w64-mingw32.static/qt5/include/QtGui -Imxe/usr/x86_64-w64-mingw32.static/qt5/include/QtNetwork -Imxe/usr/x86_64-w64-mingw32.static/qt5/include/QtCore -Irelease -I. -Imxe/usr/x86_64-w64-mingw32.static/qt5/mkspecs/win32-g++  -o release/shape.o shape.cpp
In file included from ./libdjvu/DjVuInfo.h:79:0,
                 from ./libdjvu/DjVuFile.h:66,
                 from ./libdjvu/DjVuImage.h:106,
                 from shapeextractor.cpp:7:
./libdjvu/GSmartPointer.h:313:40: warning: unused parameter 'obj' [-Wunused-parameter]
 GPEnabled::GPEnabled(const GPEnabled & obj) 
                                        ^
./libdjvu/GSmartPointer.h:313:40: warning: unused parameter 'obj' [-Wunused-parameter]
./libdjvu/GSmartPointer.h:326:40: warning: unused parameter 'obj' [-Wunused-parameter]
 GPEnabled::operator=(const GPEnabled & obj)
                                        ^
In file included from shapeextractor.cpp:9:0:
./libdjvu/JB2Image.h:749:50: warning: unused parameter 'up0' [-Wunused-parameter]
                      unsigned char const * const up0,
                                                  ^
./libdjvu/JB2Image.h:782:50: warning: unused parameter 'up0' [-Wunused-parameter]
                      unsigned char const * const up0,
                                                  ^
shapeextractor.cpp: In member function 'ShapeList ShapeExtractor::extract(ShapeNode*, int, int)':
shapeextractor.cpp:53:16: warning: 'void QTime::start()' is deprecated: Use QElapsedTimer instead [-Wdeprecated-declarations]
  elapsed.start();
                ^
In file included from mxe/usr/x86_64-w64-mingw32.static/qt5/include/QtCore/qcborvalue.h:44:0,
                 from mxe/usr/x86_64-w64-mingw32.static/qt5/include/QtCore/qcborarray.h:43,
                 from mxe/usr/x86_64-w64-mingw32.static/qt5/include/QtCore/QtCore:38,
                 from mxe/usr/x86_64-w64-mingw32.static/qt5/include/QtWidgets/QtWidgetsDepends:3,
                 from mxe/usr/x86_64-w64-mingw32.static/qt5/include/QtWidgets/QtWidgets:3,
                 from shape.h:19,
                 from shapeextractor.h:8,
                 from shapeextractor.cpp:5:
mxe/usr/x86_64-w64-mingw32.static/qt5/include/QtCore/qdatetime.h:235:55: note: declared here
     QT_DEPRECATED_X("Use QElapsedTimer instead") void start();
                                                       ^
x86_64-w64-mingw32.static-g++ -c -pipe -fno-keep-inline-dllexport -std=c++11 -DDDJVUAPI= -DMINILISPAPI= -O2 -std=gnu++11 -Wall -Wextra -Wextra -ffunction-sections -fdata-sections -fexceptions -mthreads -DUNICODE -D_UNICODE -DWIN32 -DMINGW_HAS_SECURE_API=1 -DQT_NO_DEBUG -DQT_OPENGL_LIB -DQT_WIDGETS_LIB -DQT_GUI_LIB -DQT_NETWORK_LIB -DQT_CORE_LIB -DQT_NEEDS_QMAIN -I. -I. -Imxe/usr/x86_64-w64-mingw32.static/qt5/include -Imxe/usr/x86_64-w64-mingw32.static/qt5/include/QtOpenGL -Imxe/usr/x86_64-w64-mingw32.static/qt5/include/QtWidgets -Imxe/usr/x86_64-w64-mingw32.static/qt5/include/QtGui -Imxe/usr/x86_64-w64-mingw32.static/qt5/include/QtNetwork -Imxe/usr/x86_64-w64-mingw32.static/qt5/include/QtCore -Irelease -I. -Imxe/usr/x86_64-w64-mingw32.static/qt5/mkspecs/win32-g++  -o release/shapelist.o shapelist.cpp
x86_64-w64-mingw32.static-g++ -c -pipe -fno-keep-inline-dllexport -std=c++11 -DDDJVUAPI= -DMINILISPAPI= -O2 -std=gnu++11 -Wall -Wextra -Wextra -ffunction-sections -fdata-sections -fexceptions -mthreads -DUNICODE -D_UNICODE -DWIN32 -DMINGW_HAS_SECURE_API=1 -DQT_NO_DEBUG -DQT_OPENGL_LIB -DQT_WIDGETS_LIB -DQT_GUI_LIB -DQT_NETWORK_LIB -DQT_CORE_LIB -DQT_NEEDS_QMAIN -I. -I. -Imxe/usr/x86_64-w64-mingw32.static/qt5/include -Imxe/usr/x86_64-w64-mingw32.static/qt5/include/QtOpenGL -Imxe/usr/x86_64-w64-mingw32.static/qt5/include/QtWidgets -Imxe/usr/x86_64-w64-mingw32.static/qt5/include/QtGui -Imxe/usr/x86_64-w64-mingw32.static/qt5/include/QtNetwork -Imxe/usr/x86_64-w64-mingw32.static/qt5/include/QtCore -Irelease -I. -Imxe/usr/x86_64-w64-mingw32.static/qt5/mkspecs/win32-g++  -o release/shapemodel.o shapemodel.cpp
x86_64-w64-mingw32.static-g++ -c -pipe -fno-keep-inline-dllexport -std=c++11 -DDDJVUAPI= -DMINILISPAPI= -O2 -std=gnu++11 -Wall -Wextra -Wextra -ffunction-sections -fdata-sections -fexceptions -mthreads -DUNICODE -D_UNICODE -DWIN32 -DMINGW_HAS_SECURE_API=1 -DQT_NO_DEBUG -DQT_OPENGL_LIB -DQT_WIDGETS_LIB -DQT_GUI_LIB -DQT_NETWORK_LIB -DQT_CORE_LIB -DQT_NEEDS_QMAIN -I. -I. -Imxe/usr/x86_64-w64-mingw32.static/qt5/include -Imxe/usr/x86_64-w64-mingw32.static/qt5/include/QtOpenGL -Imxe/usr/x86_64-w64-mingw32.static/qt5/include/QtWidgets -Imxe/usr/x86_64-w64-mingw32.static/qt5/include/QtGui -Imxe/usr/x86_64-w64-mingw32.static/qt5/include/QtNetwork -Imxe/usr/x86_64-w64-mingw32.static/qt5/include/QtCore -Irelease -I. -Imxe/usr/x86_64-w64-mingw32.static/qt5/mkspecs/win32-g++  -o release/blit.o blit.cpp
x86_64-w64-mingw32.static-g++ -c -pipe -fno-keep-inline-dllexport -std=c++11 -DDDJVUAPI= -DMINILISPAPI= -O2 -std=gnu++11 -Wall -Wextra -Wextra -ffunction-sections -fdata-sections -fexceptions -mthreads -DUNICODE -D_UNICODE -DWIN32 -DMINGW_HAS_SECURE_API=1 -DQT_NO_DEBUG -DQT_OPENGL_LIB -DQT_WIDGETS_LIB -DQT_GUI_LIB -DQT_NETWORK_LIB -DQT_CORE_LIB -DQT_NEEDS_QMAIN -I. -I. -Imxe/usr/x86_64-w64-mingw32.static/qt5/include -Imxe/usr/x86_64-w64-mingw32.static/qt5/include/QtOpenGL -Imxe/usr/x86_64-w64-mingw32.static/qt5/include/QtWidgets -Imxe/usr/x86_64-w64-mingw32.static/qt5/include/QtGui -Imxe/usr/x86_64-w64-mingw32.static/qt5/include/QtNetwork -Imxe/usr/x86_64-w64-mingw32.static/qt5/include/QtCore -Irelease -I. -Imxe/usr/x86_64-w64-mingw32.static/qt5/mkspecs/win32-g++  -o release/shapedocument.o shapedocument.cpp
x86_64-w64-mingw32.static-g++ -c -pipe -fno-keep-inline-dllexport -std=c++11 -DDDJVUAPI= -DMINILISPAPI= -O2 -std=gnu++11 -Wall -Wextra -Wextra -ffunction-sections -fdata-sections -fexceptions -mthreads -DUNICODE -D_UNICODE -DWIN32 -DMINGW_HAS_SECURE_API=1 -DQT_NO_DEBUG -DQT_OPENGL_LIB -DQT_WIDGETS_LIB -DQT_GUI_LIB -DQT_NETWORK_LIB -DQT_CORE_LIB -DQT_NEEDS_QMAIN -I. -I. -Imxe/usr/x86_64-w64-mingw32.static/qt5/include -Imxe/usr/x86_64-w64-mingw32.static/qt5/include/QtOpenGL -Imxe/usr/x86_64-w64-mingw32.static/qt5/include/QtWidgets -Imxe/usr/x86_64-w64-mingw32.static/qt5/include/QtGui -Imxe/usr/x86_64-w64-mingw32.static/qt5/include/QtNetwork -Imxe/usr/x86_64-w64-mingw32.static/qt5/include/QtCore -Irelease -I. -Imxe/usr/x86_64-w64-mingw32.static/qt5/mkspecs/win32-g++  -o release/shapepreview.o shapepreview.cpp
x86_64-w64-mingw32.static-g++ -c -pipe -fno-keep-inline-dllexport -std=c++11 -DDDJVUAPI= -DMINILISPAPI= -O2 -std=gnu++11 -Wall -Wextra -Wextra -ffunction-sections -fdata-sections -fexceptions -mthreads -DUNICODE -D_UNICODE -DWIN32 -DMINGW_HAS_SECURE_API=1 -DQT_NO_DEBUG -DQT_OPENGL_LIB -DQT_WIDGETS_LIB -DQT_GUI_LIB -DQT_NETWORK_LIB -DQT_CORE_LIB -DQT_NEEDS_QMAIN -I. -I. -Imxe/usr/x86_64-w64-mingw32.static/qt5/include -Imxe/usr/x86_64-w64-mingw32.static/qt5/include/QtOpenGL -Imxe/usr/x86_64-w64-mingw32.static/qt5/include/QtWidgets -Imxe/usr/x86_64-w64-mingw32.static/qt5/include/QtGui -Imxe/usr/x86_64-w64-mingw32.static/qt5/include/QtNetwork -Imxe/usr/x86_64-w64-mingw32.static/qt5/include/QtCore -Irelease -I. -Imxe/usr/x86_64-w64-mingw32.static/qt5/mkspecs/win32-g++  -o release/shapepreviewlist.o shapepreviewlist.cpp
shape.cpp: In member function 'void ShapeNode::sortChildren(bool)':
shape.cpp:94:68: warning: 'void qSort(RandomAccessIterator, RandomAccessIterator, LessThan) [with RandomAccessIterator = QList<ShapeNode*>::iterator; LessThan = bool (*)(ShapeNode*, ShapeNode*)]' is deprecated: Use std::sort [-Wdeprecated-declarations]
  qSort(m_children.begin(), m_children.end(), ShapeNode::smallerThan);
                                                                    ^
In file included from mxe/usr/x86_64-w64-mingw32.static/qt5/include/QtCore/qlist.h:43:0,
                 from mxe/usr/x86_64-w64-mingw32.static/qt5/include/QtCore/qobject.h:49,
                 from mxe/usr/x86_64-w64-mingw32.static/qt5/include/QtCore/qabstractanimation.h:43,
                 from mxe/usr/x86_64-w64-mingw32.static/qt5/include/QtCore/QtCore:6,
                 from mxe/usr/x86_64-w64-mingw32.static/qt5/include/QtWidgets/QtWidgetsDepends:3,
                 from mxe/usr/x86_64-w64-mingw32.static/qt5/include/QtWidgets/QtWidgets:3,
                 from shape.h:19,
                 from shape.cpp:16:
mxe/usr/x86_64-w64-mingw32.static/qt5/include/QtCore/qalgorithms.h:181:46: note: declared here
 QT_DEPRECATED_X("Use std::sort") inline void qSort(RandomAccessIterator start, RandomAccessIterator end, LessThan lessThan)
                                              ^
x86_64-w64-mingw32.static-g++ -c -pipe -fno-keep-inline-dllexport -std=c++11 -DDDJVUAPI= -DMINILISPAPI= -O2 -std=gnu++11 -Wall -Wextra -Wextra -ffunction-sections -fdata-sections -fexceptions -mthreads -DUNICODE -D_UNICODE -DWIN32 -DMINGW_HAS_SECURE_API=1 -DQT_NO_DEBUG -DQT_OPENGL_LIB -DQT_WIDGETS_LIB -DQT_GUI_LIB -DQT_NETWORK_LIB -DQT_CORE_LIB -DQT_NEEDS_QMAIN -I. -I. -Imxe/usr/x86_64-w64-mingw32.static/qt5/include -Imxe/usr/x86_64-w64-mingw32.static/qt5/include/QtOpenGL -Imxe/usr/x86_64-w64-mingw32.static/qt5/include/QtWidgets -Imxe/usr/x86_64-w64-mingw32.static/qt5/include/QtGui -Imxe/usr/x86_64-w64-mingw32.static/qt5/include/QtNetwork -Imxe/usr/x86_64-w64-mingw32.static/qt5/include/QtCore -Irelease -I. -Imxe/usr/x86_64-w64-mingw32.static/qt5/mkspecs/win32-g++  -o release/preferencesdialog.o preferencesdialog.cpp
shapelist.cpp: In member function 'void ShapeList::sort(ShapeList::SortMethod, ShapeNode*)':
shapelist.cpp:16:46: warning: 'void qSort(RandomAccessIterator, RandomAccessIterator, LessThan) [with RandomAccessIterator = QList<ShapeNode*>::iterator; LessThan = bool (*)(ShapeNode*, ShapeNode*)]' is deprecated: Use std::sort [-Wdeprecated-declarations]
   qSort(begin(), end(), ShapeNode::biggerThan);
                                              ^
In file included from mxe/usr/x86_64-w64-mingw32.static/qt5/include/QtCore/qlist.h:43:0,
                 from mxe/usr/x86_64-w64-mingw32.static/qt5/include/QtCore/qobject.h:49,
                 from mxe/usr/x86_64-w64-mingw32.static/qt5/include/QtCore/qabstractanimation.h:43,
                 from mxe/usr/x86_64-w64-mingw32.static/qt5/include/QtCore/QtCore:6,
                 from shapelist.h:8,
                 from shapelist.cpp:5:
mxe/usr/x86_64-w64-mingw32.static/qt5/include/QtCore/qalgorithms.h:181:46: note: declared here
 QT_DEPRECATED_X("Use std::sort") inline void qSort(RandomAccessIterator start, RandomAccessIterator end, LessThan lessThan)
                                              ^
x86_64-w64-mingw32.static-g++ -c -pipe -fno-keep-inline-dllexport -std=c++11 -DDDJVUAPI= -DMINILISPAPI= -O2 -std=gnu++11 -Wall -Wextra -Wextra -ffunction-sections -fdata-sections -fexceptions -mthreads -DUNICODE -D_UNICODE -DWIN32 -DMINGW_HAS_SECURE_API=1 -DQT_NO_DEBUG -DQT_OPENGL_LIB -DQT_WIDGETS_LIB -DQT_GUI_LIB -DQT_NETWORK_LIB -DQT_CORE_LIB -DQT_NEEDS_QMAIN -I. -I. -Imxe/usr/x86_64-w64-mingw32.static/qt5/include -Imxe/usr/x86_64-w64-mingw32.static/qt5/include/QtOpenGL -Imxe/usr/x86_64-w64-mingw32.static/qt5/include/QtWidgets -Imxe/usr/x86_64-w64-mingw32.static/qt5/include/QtGui -Imxe/usr/x86_64-w64-mingw32.static/qt5/include/QtNetwork -Imxe/usr/x86_64-w64-mingw32.static/qt5/include/QtCore -Irelease -I. -Imxe/usr/x86_64-w64-mingw32.static/qt5/mkspecs/win32-g++  -o release/helpdialog.o helpdialog.cpp
/home/jsbien/test/djview4shapes/src/mxe/usr/x86_64-w64-mingw32.static/qt5/bin/moc -DUNICODE -D_UNICODE -DWIN32 -DMINGW_HAS_SECURE_API=1 -DQT_NO_DEBUG -DQT_OPENGL_LIB -DQT_WIDGETS_LIB -DQT_GUI_LIB -DQT_NETWORK_LIB -DQT_CORE_LIB -DQT_NEEDS_QMAIN --include /home/jsbien/test/djview4shapes/src/release/moc_predefs.h -I/home/jsbien/test/djview4shapes/src/mxe/usr/x86_64-w64-mingw32.static/qt5/mkspecs/win32-g++ -I/home/jsbien/test/djview4shapes/src -I/home/jsbien/test/djview4shapes/src -I/home/jsbien/test/djview4shapes/src/mxe/usr/x86_64-w64-mingw32.static/qt5/include -I/home/jsbien/test/djview4shapes/src/mxe/usr/x86_64-w64-mingw32.static/qt5/include/QtOpenGL -I/home/jsbien/test/djview4shapes/src/mxe/usr/x86_64-w64-mingw32.static/qt5/include/QtWidgets -I/home/jsbien/test/djview4shapes/src/mxe/usr/x86_64-w64-mingw32.static/qt5/include/QtGui -I/home/jsbien/test/djview4shapes/src/mxe/usr/x86_64-w64-mingw32.static/qt5/include/QtNetwork -I/home/jsbien/test/djview4shapes/src/mxe/usr/x86_64-w64-mingw32.static/qt5/include/QtCore -I/home/jsbien/test/djview4shapes/src/mxe/usr/lib/gcc/x86_64-w64-mingw32.static/5.5.0/include/c++ -I/home/jsbien/test/djview4shapes/src/mxe/usr/lib/gcc/x86_64-w64-mingw32.static/5.5.0/include/c++/x86_64-w64-mingw32.static -I/home/jsbien/test/djview4shapes/src/mxe/usr/lib/gcc/x86_64-w64-mingw32.static/5.5.0/include/c++/backward -I/home/jsbien/test/djview4shapes/src/mxe/usr/lib/gcc/x86_64-w64-mingw32.static/5.5.0/include -I/home/jsbien/test/djview4shapes/src/mxe/usr/lib/gcc/x86_64-w64-mingw32.static/5.5.0/include-fixed -I/home/jsbien/test/djview4shapes/src/mxe/usr/x86_64-w64-mingw32.static/include qdjvunet.cpp -o release/qdjvunet.moc
x86_64-w64-mingw32.static-g++ -c -pipe -fno-keep-inline-dllexport -std=c++11 -DDDJVUAPI= -DMINILISPAPI= -O2 -std=gnu++11 -Wall -Wextra -Wextra -ffunction-sections -fdata-sections -fexceptions -mthreads -DUNICODE -D_UNICODE -DWIN32 -DMINGW_HAS_SECURE_API=1 -DQT_NO_DEBUG -DQT_OPENGL_LIB -DQT_WIDGETS_LIB -DQT_GUI_LIB -DQT_NETWORK_LIB -DQT_CORE_LIB -DQT_NEEDS_QMAIN -I. -I. -Imxe/usr/x86_64-w64-mingw32.static/qt5/include -Imxe/usr/x86_64-w64-mingw32.static/qt5/include/QtOpenGL -Imxe/usr/x86_64-w64-mingw32.static/qt5/include/QtWidgets -Imxe/usr/x86_64-w64-mingw32.static/qt5/include/QtGui -Imxe/usr/x86_64-w64-mingw32.static/qt5/include/QtNetwork -Imxe/usr/x86_64-w64-mingw32.static/qt5/include/QtCore -Irelease -I. -Imxe/usr/x86_64-w64-mingw32.static/qt5/mkspecs/win32-g++  -o release/djview-shapes_plugin_import.o /home/jsbien/test/djview4shapes/src/djview-shapes_plugin_import.cpp
/home/jsbien/test/djview4shapes/src/mxe/usr/x86_64-w64-mingw32.static/qt5/bin/rcc -name resources resources.qrc -o release/qrc_resources.cpp
/home/jsbien/test/djview4shapes/src/mxe/usr/x86_64-w64-mingw32.static/qt5/bin/moc -DUNICODE -D_UNICODE -DWIN32 -DMINGW_HAS_SECURE_API=1 -DQT_NO_DEBUG -DQT_OPENGL_LIB -DQT_WIDGETS_LIB -DQT_GUI_LIB -DQT_NETWORK_LIB -DQT_CORE_LIB -DQT_NEEDS_QMAIN --include /home/jsbien/test/djview4shapes/src/release/moc_predefs.h -I/home/jsbien/test/djview4shapes/src/mxe/usr/x86_64-w64-mingw32.static/qt5/mkspecs/win32-g++ -I/home/jsbien/test/djview4shapes/src -I/home/jsbien/test/djview4shapes/src -I/home/jsbien/test/djview4shapes/src/mxe/usr/x86_64-w64-mingw32.static/qt5/include -I/home/jsbien/test/djview4shapes/src/mxe/usr/x86_64-w64-mingw32.static/qt5/include/QtOpenGL -I/home/jsbien/test/djview4shapes/src/mxe/usr/x86_64-w64-mingw32.static/qt5/include/QtWidgets -I/home/jsbien/test/djview4shapes/src/mxe/usr/x86_64-w64-mingw32.static/qt5/include/QtGui -I/home/jsbien/test/djview4shapes/src/mxe/usr/x86_64-w64-mingw32.static/qt5/include/QtNetwork -I/home/jsbien/test/djview4shapes/src/mxe/usr/x86_64-w64-mingw32.static/qt5/include/QtCore -I/home/jsbien/test/djview4shapes/src/mxe/usr/lib/gcc/x86_64-w64-mingw32.static/5.5.0/include/c++ -I/home/jsbien/test/djview4shapes/src/mxe/usr/lib/gcc/x86_64-w64-mingw32.static/5.5.0/include/c++/x86_64-w64-mingw32.static -I/home/jsbien/test/djview4shapes/src/mxe/usr/lib/gcc/x86_64-w64-mingw32.static/5.5.0/include/c++/backward -I/home/jsbien/test/djview4shapes/src/mxe/usr/lib/gcc/x86_64-w64-mingw32.static/5.5.0/include -I/home/jsbien/test/djview4shapes/src/mxe/usr/lib/gcc/x86_64-w64-mingw32.static/5.5.0/include-fixed -I/home/jsbien/test/djview4shapes/src/mxe/usr/x86_64-w64-mingw32.static/include recentfiles.h -o release/moc_recentfiles.cpp
/home/jsbien/test/djview4shapes/src/mxe/usr/x86_64-w64-mingw32.static/qt5/bin/moc -DUNICODE -D_UNICODE -DWIN32 -DMINGW_HAS_SECURE_API=1 -DQT_NO_DEBUG -DQT_OPENGL_LIB -DQT_WIDGETS_LIB -DQT_GUI_LIB -DQT_NETWORK_LIB -DQT_CORE_LIB -DQT_NEEDS_QMAIN --include /home/jsbien/test/djview4shapes/src/release/moc_predefs.h -I/home/jsbien/test/djview4shapes/src/mxe/usr/x86_64-w64-mingw32.static/qt5/mkspecs/win32-g++ -I/home/jsbien/test/djview4shapes/src -I/home/jsbien/test/djview4shapes/src -I/home/jsbien/test/djview4shapes/src/mxe/usr/x86_64-w64-mingw32.static/qt5/include -I/home/jsbien/test/djview4shapes/src/mxe/usr/x86_64-w64-mingw32.static/qt5/include/QtOpenGL -I/home/jsbien/test/djview4shapes/src/mxe/usr/x86_64-w64-mingw32.static/qt5/include/QtWidgets -I/home/jsbien/test/djview4shapes/src/mxe/usr/x86_64-w64-mingw32.static/qt5/include/QtGui -I/home/jsbien/test/djview4shapes/src/mxe/usr/x86_64-w64-mingw32.static/qt5/include/QtNetwork -I/home/jsbien/test/djview4shapes/src/mxe/usr/x86_64-w64-mingw32.static/qt5/include/QtCore -I/home/jsbien/test/djview4shapes/src/mxe/usr/lib/gcc/x86_64-w64-mingw32.static/5.5.0/include/c++ -I/home/jsbien/test/djview4shapes/src/mxe/usr/lib/gcc/x86_64-w64-mingw32.static/5.5.0/include/c++/x86_64-w64-mingw32.static -I/home/jsbien/test/djview4shapes/src/mxe/usr/lib/gcc/x86_64-w64-mingw32.static/5.5.0/include/c++/backward -I/home/jsbien/test/djview4shapes/src/mxe/usr/lib/gcc/x86_64-w64-mingw32.static/5.5.0/include -I/home/jsbien/test/djview4shapes/src/mxe/usr/lib/gcc/x86_64-w64-mingw32.static/5.5.0/include-fixed -I/home/jsbien/test/djview4shapes/src/mxe/usr/x86_64-w64-mingw32.static/include mainwindow.h -o release/moc_mainwindow.cpp
/home/jsbien/test/djview4shapes/src/mxe/usr/x86_64-w64-mingw32.static/qt5/bin/moc -DUNICODE -D_UNICODE -DWIN32 -DMINGW_HAS_SECURE_API=1 -DQT_NO_DEBUG -DQT_OPENGL_LIB -DQT_WIDGETS_LIB -DQT_GUI_LIB -DQT_NETWORK_LIB -DQT_CORE_LIB -DQT_NEEDS_QMAIN --include /home/jsbien/test/djview4shapes/src/release/moc_predefs.h -I/home/jsbien/test/djview4shapes/src/mxe/usr/x86_64-w64-mingw32.static/qt5/mkspecs/win32-g++ -I/home/jsbien/test/djview4shapes/src -I/home/jsbien/test/djview4shapes/src -I/home/jsbien/test/djview4shapes/src/mxe/usr/x86_64-w64-mingw32.static/qt5/include -I/home/jsbien/test/djview4shapes/src/mxe/usr/x86_64-w64-mingw32.static/qt5/include/QtOpenGL -I/home/jsbien/test/djview4shapes/src/mxe/usr/x86_64-w64-mingw32.static/qt5/include/QtWidgets -I/home/jsbien/test/djview4shapes/src/mxe/usr/x86_64-w64-mingw32.static/qt5/include/QtGui -I/home/jsbien/test/djview4shapes/src/mxe/usr/x86_64-w64-mingw32.static/qt5/include/QtNetwork -I/home/jsbien/test/djview4shapes/src/mxe/usr/x86_64-w64-mingw32.static/qt5/include/QtCore -I/home/jsbien/test/djview4shapes/src/mxe/usr/lib/gcc/x86_64-w64-mingw32.static/5.5.0/include/c++ -I/home/jsbien/test/djview4shapes/src/mxe/usr/lib/gcc/x86_64-w64-mingw32.static/5.5.0/include/c++/x86_64-w64-mingw32.static -I/home/jsbien/test/djview4shapes/src/mxe/usr/lib/gcc/x86_64-w64-mingw32.static/5.5.0/include/c++/backward -I/home/jsbien/test/djview4shapes/src/mxe/usr/lib/gcc/x86_64-w64-mingw32.static/5.5.0/include -I/home/jsbien/test/djview4shapes/src/mxe/usr/lib/gcc/x86_64-w64-mingw32.static/5.5.0/include-fixed -I/home/jsbien/test/djview4shapes/src/mxe/usr/x86_64-w64-mingw32.static/include qdjvuwidget.h -o release/moc_qdjvuwidget.cpp
/home/jsbien/test/djview4shapes/src/mxe/usr/x86_64-w64-mingw32.static/qt5/bin/moc -DUNICODE -D_UNICODE -DWIN32 -DMINGW_HAS_SECURE_API=1 -DQT_NO_DEBUG -DQT_OPENGL_LIB -DQT_WIDGETS_LIB -DQT_GUI_LIB -DQT_NETWORK_LIB -DQT_CORE_LIB -DQT_NEEDS_QMAIN --include /home/jsbien/test/djview4shapes/src/release/moc_predefs.h -I/home/jsbien/test/djview4shapes/src/mxe/usr/x86_64-w64-mingw32.static/qt5/mkspecs/win32-g++ -I/home/jsbien/test/djview4shapes/src -I/home/jsbien/test/djview4shapes/src -I/home/jsbien/test/djview4shapes/src/mxe/usr/x86_64-w64-mingw32.static/qt5/include -I/home/jsbien/test/djview4shapes/src/mxe/usr/x86_64-w64-mingw32.static/qt5/include/QtOpenGL -I/home/jsbien/test/djview4shapes/src/mxe/usr/x86_64-w64-mingw32.static/qt5/include/QtWidgets -I/home/jsbien/test/djview4shapes/src/mxe/usr/x86_64-w64-mingw32.static/qt5/include/QtGui -I/home/jsbien/test/djview4shapes/src/mxe/usr/x86_64-w64-mingw32.static/qt5/include/QtNetwork -I/home/jsbien/test/djview4shapes/src/mxe/usr/x86_64-w64-mingw32.static/qt5/include/QtCore -I/home/jsbien/test/djview4shapes/src/mxe/usr/lib/gcc/x86_64-w64-mingw32.static/5.5.0/include/c++ -I/home/jsbien/test/djview4shapes/src/mxe/usr/lib/gcc/x86_64-w64-mingw32.static/5.5.0/include/c++/x86_64-w64-mingw32.static -I/home/jsbien/test/djview4shapes/src/mxe/usr/lib/gcc/x86_64-w64-mingw32.static/5.5.0/include/c++/backward -I/home/jsbien/test/djview4shapes/src/mxe/usr/lib/gcc/x86_64-w64-mingw32.static/5.5.0/include -I/home/jsbien/test/djview4shapes/src/mxe/usr/lib/gcc/x86_64-w64-mingw32.static/5.5.0/include-fixed -I/home/jsbien/test/djview4shapes/src/mxe/usr/x86_64-w64-mingw32.static/include qdjvunet.h -o release/moc_qdjvunet.cpp
/home/jsbien/test/djview4shapes/src/mxe/usr/x86_64-w64-mingw32.static/qt5/bin/moc -DUNICODE -D_UNICODE -DWIN32 -DMINGW_HAS_SECURE_API=1 -DQT_NO_DEBUG -DQT_OPENGL_LIB -DQT_WIDGETS_LIB -DQT_GUI_LIB -DQT_NETWORK_LIB -DQT_CORE_LIB -DQT_NEEDS_QMAIN --include /home/jsbien/test/djview4shapes/src/release/moc_predefs.h -I/home/jsbien/test/djview4shapes/src/mxe/usr/x86_64-w64-mingw32.static/qt5/mkspecs/win32-g++ -I/home/jsbien/test/djview4shapes/src -I/home/jsbien/test/djview4shapes/src -I/home/jsbien/test/djview4shapes/src/mxe/usr/x86_64-w64-mingw32.static/qt5/include -I/home/jsbien/test/djview4shapes/src/mxe/usr/x86_64-w64-mingw32.static/qt5/include/QtOpenGL -I/home/jsbien/test/djview4shapes/src/mxe/usr/x86_64-w64-mingw32.static/qt5/include/QtWidgets -I/home/jsbien/test/djview4shapes/src/mxe/usr/x86_64-w64-mingw32.static/qt5/include/QtGui -I/home/jsbien/test/djview4shapes/src/mxe/usr/x86_64-w64-mingw32.static/qt5/include/QtNetwork -I/home/jsbien/test/djview4shapes/src/mxe/usr/x86_64-w64-mingw32.static/qt5/include/QtCore -I/home/jsbien/test/djview4shapes/src/mxe/usr/lib/gcc/x86_64-w64-mingw32.static/5.5.0/include/c++ -I/home/jsbien/test/djview4shapes/src/mxe/usr/lib/gcc/x86_64-w64-mingw32.static/5.5.0/include/c++/x86_64-w64-mingw32.static -I/home/jsbien/test/djview4shapes/src/mxe/usr/lib/gcc/x86_64-w64-mingw32.static/5.5.0/include/c++/backward -I/home/jsbien/test/djview4shapes/src/mxe/usr/lib/gcc/x86_64-w64-mingw32.static/5.5.0/include -I/home/jsbien/test/djview4shapes/src/mxe/usr/lib/gcc/x86_64-w64-mingw32.static/5.5.0/include-fixed -I/home/jsbien/test/djview4shapes/src/mxe/usr/x86_64-w64-mingw32.static/include qdjvu.h -o release/moc_qdjvu.cpp
/home/jsbien/test/djview4shapes/src/mxe/usr/x86_64-w64-mingw32.static/qt5/bin/moc -DUNICODE -D_UNICODE -DWIN32 -DMINGW_HAS_SECURE_API=1 -DQT_NO_DEBUG -DQT_OPENGL_LIB -DQT_WIDGETS_LIB -DQT_GUI_LIB -DQT_NETWORK_LIB -DQT_CORE_LIB -DQT_NEEDS_QMAIN --include /home/jsbien/test/djview4shapes/src/release/moc_predefs.h -I/home/jsbien/test/djview4shapes/src/mxe/usr/x86_64-w64-mingw32.static/qt5/mkspecs/win32-g++ -I/home/jsbien/test/djview4shapes/src -I/home/jsbien/test/djview4shapes/src -I/home/jsbien/test/djview4shapes/src/mxe/usr/x86_64-w64-mingw32.static/qt5/include -I/home/jsbien/test/djview4shapes/src/mxe/usr/x86_64-w64-mingw32.static/qt5/include/QtOpenGL -I/home/jsbien/test/djview4shapes/src/mxe/usr/x86_64-w64-mingw32.static/qt5/include/QtWidgets -I/home/jsbien/test/djview4shapes/src/mxe/usr/x86_64-w64-mingw32.static/qt5/include/QtGui -I/home/jsbien/test/djview4shapes/src/mxe/usr/x86_64-w64-mingw32.static/qt5/include/QtNetwork -I/home/jsbien/test/djview4shapes/src/mxe/usr/x86_64-w64-mingw32.static/qt5/include/QtCore -I/home/jsbien/test/djview4shapes/src/mxe/usr/lib/gcc/x86_64-w64-mingw32.static/5.5.0/include/c++ -I/home/jsbien/test/djview4shapes/src/mxe/usr/lib/gcc/x86_64-w64-mingw32.static/5.5.0/include/c++/x86_64-w64-mingw32.static -I/home/jsbien/test/djview4shapes/src/mxe/usr/lib/gcc/x86_64-w64-mingw32.static/5.5.0/include/c++/backward -I/home/jsbien/test/djview4shapes/src/mxe/usr/lib/gcc/x86_64-w64-mingw32.static/5.5.0/include -I/home/jsbien/test/djview4shapes/src/mxe/usr/lib/gcc/x86_64-w64-mingw32.static/5.5.0/include-fixed -I/home/jsbien/test/djview4shapes/src/mxe/usr/x86_64-w64-mingw32.static/include messagedialog.h -o release/moc_messagedialog.cpp
/home/jsbien/test/djview4shapes/src/mxe/usr/x86_64-w64-mingw32.static/qt5/bin/moc -DUNICODE -D_UNICODE -DWIN32 -DMINGW_HAS_SECURE_API=1 -DQT_NO_DEBUG -DQT_OPENGL_LIB -DQT_WIDGETS_LIB -DQT_GUI_LIB -DQT_NETWORK_LIB -DQT_CORE_LIB -DQT_NEEDS_QMAIN --include /home/jsbien/test/djview4shapes/src/release/moc_predefs.h -I/home/jsbien/test/djview4shapes/src/mxe/usr/x86_64-w64-mingw32.static/qt5/mkspecs/win32-g++ -I/home/jsbien/test/djview4shapes/src -I/home/jsbien/test/djview4shapes/src -I/home/jsbien/test/djview4shapes/src/mxe/usr/x86_64-w64-mingw32.static/qt5/include -I/home/jsbien/test/djview4shapes/src/mxe/usr/x86_64-w64-mingw32.static/qt5/include/QtOpenGL -I/home/jsbien/test/djview4shapes/src/mxe/usr/x86_64-w64-mingw32.static/qt5/include/QtWidgets -I/home/jsbien/test/djview4shapes/src/mxe/usr/x86_64-w64-mingw32.static/qt5/include/QtGui -I/home/jsbien/test/djview4shapes/src/mxe/usr/x86_64-w64-mingw32.static/qt5/include/QtNetwork -I/home/jsbien/test/djview4shapes/src/mxe/usr/x86_64-w64-mingw32.static/qt5/include/QtCore -I/home/jsbien/test/djview4shapes/src/mxe/usr/lib/gcc/x86_64-w64-mingw32.static/5.5.0/include/c++ -I/home/jsbien/test/djview4shapes/src/mxe/usr/lib/gcc/x86_64-w64-mingw32.static/5.5.0/include/c++/x86_64-w64-mingw32.static -I/home/jsbien/test/djview4shapes/src/mxe/usr/lib/gcc/x86_64-w64-mingw32.static/5.5.0/include/c++/backward -I/home/jsbien/test/djview4shapes/src/mxe/usr/lib/gcc/x86_64-w64-mingw32.static/5.5.0/include -I/home/jsbien/test/djview4shapes/src/mxe/usr/lib/gcc/x86_64-w64-mingw32.static/5.5.0/include-fixed -I/home/jsbien/test/djview4shapes/src/mxe/usr/x86_64-w64-mingw32.static/include shapeswidget.h -o release/moc_shapeswidget.cpp
/home/jsbien/test/djview4shapes/src/mxe/usr/x86_64-w64-mingw32.static/qt5/bin/moc -DUNICODE -D_UNICODE -DWIN32 -DMINGW_HAS_SECURE_API=1 -DQT_NO_DEBUG -DQT_OPENGL_LIB -DQT_WIDGETS_LIB -DQT_GUI_LIB -DQT_NETWORK_LIB -DQT_CORE_LIB -DQT_NEEDS_QMAIN --include /home/jsbien/test/djview4shapes/src/release/moc_predefs.h -I/home/jsbien/test/djview4shapes/src/mxe/usr/x86_64-w64-mingw32.static/qt5/mkspecs/win32-g++ -I/home/jsbien/test/djview4shapes/src -I/home/jsbien/test/djview4shapes/src -I/home/jsbien/test/djview4shapes/src/mxe/usr/x86_64-w64-mingw32.static/qt5/include -I/home/jsbien/test/djview4shapes/src/mxe/usr/x86_64-w64-mingw32.static/qt5/include/QtOpenGL -I/home/jsbien/test/djview4shapes/src/mxe/usr/x86_64-w64-mingw32.static/qt5/include/QtWidgets -I/home/jsbien/test/djview4shapes/src/mxe/usr/x86_64-w64-mingw32.static/qt5/include/QtGui -I/home/jsbien/test/djview4shapes/src/mxe/usr/x86_64-w64-mingw32.static/qt5/include/QtNetwork -I/home/jsbien/test/djview4shapes/src/mxe/usr/x86_64-w64-mingw32.static/qt5/include/QtCore -I/home/jsbien/test/djview4shapes/src/mxe/usr/lib/gcc/x86_64-w64-mingw32.static/5.5.0/include/c++ -I/home/jsbien/test/djview4shapes/src/mxe/usr/lib/gcc/x86_64-w64-mingw32.static/5.5.0/include/c++/x86_64-w64-mingw32.static -I/home/jsbien/test/djview4shapes/src/mxe/usr/lib/gcc/x86_64-w64-mingw32.static/5.5.0/include/c++/backward -I/home/jsbien/test/djview4shapes/src/mxe/usr/lib/gcc/x86_64-w64-mingw32.static/5.5.0/include -I/home/jsbien/test/djview4shapes/src/mxe/usr/lib/gcc/x86_64-w64-mingw32.static/5.5.0/include-fixed -I/home/jsbien/test/djview4shapes/src/mxe/usr/x86_64-w64-mingw32.static/include shapeextractor.h -o release/moc_shapeextractor.cpp
/home/jsbien/test/djview4shapes/src/mxe/usr/x86_64-w64-mingw32.static/qt5/bin/moc -DUNICODE -D_UNICODE -DWIN32 -DMINGW_HAS_SECURE_API=1 -DQT_NO_DEBUG -DQT_OPENGL_LIB -DQT_WIDGETS_LIB -DQT_GUI_LIB -DQT_NETWORK_LIB -DQT_CORE_LIB -DQT_NEEDS_QMAIN --include /home/jsbien/test/djview4shapes/src/release/moc_predefs.h -I/home/jsbien/test/djview4shapes/src/mxe/usr/x86_64-w64-mingw32.static/qt5/mkspecs/win32-g++ -I/home/jsbien/test/djview4shapes/src -I/home/jsbien/test/djview4shapes/src -I/home/jsbien/test/djview4shapes/src/mxe/usr/x86_64-w64-mingw32.static/qt5/include -I/home/jsbien/test/djview4shapes/src/mxe/usr/x86_64-w64-mingw32.static/qt5/include/QtOpenGL -I/home/jsbien/test/djview4shapes/src/mxe/usr/x86_64-w64-mingw32.static/qt5/include/QtWidgets -I/home/jsbien/test/djview4shapes/src/mxe/usr/x86_64-w64-mingw32.static/qt5/include/QtGui -I/home/jsbien/test/djview4shapes/src/mxe/usr/x86_64-w64-mingw32.static/qt5/include/QtNetwork -I/home/jsbien/test/djview4shapes/src/mxe/usr/x86_64-w64-mingw32.static/qt5/include/QtCore -I/home/jsbien/test/djview4shapes/src/mxe/usr/lib/gcc/x86_64-w64-mingw32.static/5.5.0/include/c++ -I/home/jsbien/test/djview4shapes/src/mxe/usr/lib/gcc/x86_64-w64-mingw32.static/5.5.0/include/c++/x86_64-w64-mingw32.static -I/home/jsbien/test/djview4shapes/src/mxe/usr/lib/gcc/x86_64-w64-mingw32.static/5.5.0/include/c++/backward -I/home/jsbien/test/djview4shapes/src/mxe/usr/lib/gcc/x86_64-w64-mingw32.static/5.5.0/include -I/home/jsbien/test/djview4shapes/src/mxe/usr/lib/gcc/x86_64-w64-mingw32.static/5.5.0/include-fixed -I/home/jsbien/test/djview4shapes/src/mxe/usr/x86_64-w64-mingw32.static/include shapemodel.h -o release/moc_shapemodel.cpp
/home/jsbien/test/djview4shapes/src/mxe/usr/x86_64-w64-mingw32.static/qt5/bin/moc -DUNICODE -D_UNICODE -DWIN32 -DMINGW_HAS_SECURE_API=1 -DQT_NO_DEBUG -DQT_OPENGL_LIB -DQT_WIDGETS_LIB -DQT_GUI_LIB -DQT_NETWORK_LIB -DQT_CORE_LIB -DQT_NEEDS_QMAIN --include /home/jsbien/test/djview4shapes/src/release/moc_predefs.h -I/home/jsbien/test/djview4shapes/src/mxe/usr/x86_64-w64-mingw32.static/qt5/mkspecs/win32-g++ -I/home/jsbien/test/djview4shapes/src -I/home/jsbien/test/djview4shapes/src -I/home/jsbien/test/djview4shapes/src/mxe/usr/x86_64-w64-mingw32.static/qt5/include -I/home/jsbien/test/djview4shapes/src/mxe/usr/x86_64-w64-mingw32.static/qt5/include/QtOpenGL -I/home/jsbien/test/djview4shapes/src/mxe/usr/x86_64-w64-mingw32.static/qt5/include/QtWidgets -I/home/jsbien/test/djview4shapes/src/mxe/usr/x86_64-w64-mingw32.static/qt5/include/QtGui -I/home/jsbien/test/djview4shapes/src/mxe/usr/x86_64-w64-mingw32.static/qt5/include/QtNetwork -I/home/jsbien/test/djview4shapes/src/mxe/usr/x86_64-w64-mingw32.static/qt5/include/QtCore -I/home/jsbien/test/djview4shapes/src/mxe/usr/lib/gcc/x86_64-w64-mingw32.static/5.5.0/include/c++ -I/home/jsbien/test/djview4shapes/src/mxe/usr/lib/gcc/x86_64-w64-mingw32.static/5.5.0/include/c++/x86_64-w64-mingw32.static -I/home/jsbien/test/djview4shapes/src/mxe/usr/lib/gcc/x86_64-w64-mingw32.static/5.5.0/include/c++/backward -I/home/jsbien/test/djview4shapes/src/mxe/usr/lib/gcc/x86_64-w64-mingw32.static/5.5.0/include -I/home/jsbien/test/djview4shapes/src/mxe/usr/lib/gcc/x86_64-w64-mingw32.static/5.5.0/include-fixed -I/home/jsbien/test/djview4shapes/src/mxe/usr/x86_64-w64-mingw32.static/include shapedocument.h -o release/moc_shapedocument.cpp
/home/jsbien/test/djview4shapes/src/mxe/usr/x86_64-w64-mingw32.static/qt5/bin/moc -DUNICODE -D_UNICODE -DWIN32 -DMINGW_HAS_SECURE_API=1 -DQT_NO_DEBUG -DQT_OPENGL_LIB -DQT_WIDGETS_LIB -DQT_GUI_LIB -DQT_NETWORK_LIB -DQT_CORE_LIB -DQT_NEEDS_QMAIN --include /home/jsbien/test/djview4shapes/src/release/moc_predefs.h -I/home/jsbien/test/djview4shapes/src/mxe/usr/x86_64-w64-mingw32.static/qt5/mkspecs/win32-g++ -I/home/jsbien/test/djview4shapes/src -I/home/jsbien/test/djview4shapes/src -I/home/jsbien/test/djview4shapes/src/mxe/usr/x86_64-w64-mingw32.static/qt5/include -I/home/jsbien/test/djview4shapes/src/mxe/usr/x86_64-w64-mingw32.static/qt5/include/QtOpenGL -I/home/jsbien/test/djview4shapes/src/mxe/usr/x86_64-w64-mingw32.static/qt5/include/QtWidgets -I/home/jsbien/test/djview4shapes/src/mxe/usr/x86_64-w64-mingw32.static/qt5/include/QtGui -I/home/jsbien/test/djview4shapes/src/mxe/usr/x86_64-w64-mingw32.static/qt5/include/QtNetwork -I/home/jsbien/test/djview4shapes/src/mxe/usr/x86_64-w64-mingw32.static/qt5/include/QtCore -I/home/jsbien/test/djview4shapes/src/mxe/usr/lib/gcc/x86_64-w64-mingw32.static/5.5.0/include/c++ -I/home/jsbien/test/djview4shapes/src/mxe/usr/lib/gcc/x86_64-w64-mingw32.static/5.5.0/include/c++/x86_64-w64-mingw32.static -I/home/jsbien/test/djview4shapes/src/mxe/usr/lib/gcc/x86_64-w64-mingw32.static/5.5.0/include/c++/backward -I/home/jsbien/test/djview4shapes/src/mxe/usr/lib/gcc/x86_64-w64-mingw32.static/5.5.0/include -I/home/jsbien/test/djview4shapes/src/mxe/usr/lib/gcc/x86_64-w64-mingw32.static/5.5.0/include-fixed -I/home/jsbien/test/djview4shapes/src/mxe/usr/x86_64-w64-mingw32.static/include shapepreview.h -o release/moc_shapepreview.cpp
/home/jsbien/test/djview4shapes/src/mxe/usr/x86_64-w64-mingw32.static/qt5/bin/moc -DUNICODE -D_UNICODE -DWIN32 -DMINGW_HAS_SECURE_API=1 -DQT_NO_DEBUG -DQT_OPENGL_LIB -DQT_WIDGETS_LIB -DQT_GUI_LIB -DQT_NETWORK_LIB -DQT_CORE_LIB -DQT_NEEDS_QMAIN --include /home/jsbien/test/djview4shapes/src/release/moc_predefs.h -I/home/jsbien/test/djview4shapes/src/mxe/usr/x86_64-w64-mingw32.static/qt5/mkspecs/win32-g++ -I/home/jsbien/test/djview4shapes/src -I/home/jsbien/test/djview4shapes/src -I/home/jsbien/test/djview4shapes/src/mxe/usr/x86_64-w64-mingw32.static/qt5/include -I/home/jsbien/test/djview4shapes/src/mxe/usr/x86_64-w64-mingw32.static/qt5/include/QtOpenGL -I/home/jsbien/test/djview4shapes/src/mxe/usr/x86_64-w64-mingw32.static/qt5/include/QtWidgets -I/home/jsbien/test/djview4shapes/src/mxe/usr/x86_64-w64-mingw32.static/qt5/include/QtGui -I/home/jsbien/test/djview4shapes/src/mxe/usr/x86_64-w64-mingw32.static/qt5/include/QtNetwork -I/home/jsbien/test/djview4shapes/src/mxe/usr/x86_64-w64-mingw32.static/qt5/include/QtCore -I/home/jsbien/test/djview4shapes/src/mxe/usr/lib/gcc/x86_64-w64-mingw32.static/5.5.0/include/c++ -I/home/jsbien/test/djview4shapes/src/mxe/usr/lib/gcc/x86_64-w64-mingw32.static/5.5.0/include/c++/x86_64-w64-mingw32.static -I/home/jsbien/test/djview4shapes/src/mxe/usr/lib/gcc/x86_64-w64-mingw32.static/5.5.0/include/c++/backward -I/home/jsbien/test/djview4shapes/src/mxe/usr/lib/gcc/x86_64-w64-mingw32.static/5.5.0/include -I/home/jsbien/test/djview4shapes/src/mxe/usr/lib/gcc/x86_64-w64-mingw32.static/5.5.0/include-fixed -I/home/jsbien/test/djview4shapes/src/mxe/usr/x86_64-w64-mingw32.static/include shapepreviewlist.h -o release/moc_shapepreviewlist.cpp
/home/jsbien/test/djview4shapes/src/mxe/usr/x86_64-w64-mingw32.static/qt5/bin/moc -DUNICODE -D_UNICODE -DWIN32 -DMINGW_HAS_SECURE_API=1 -DQT_NO_DEBUG -DQT_OPENGL_LIB -DQT_WIDGETS_LIB -DQT_GUI_LIB -DQT_NETWORK_LIB -DQT_CORE_LIB -DQT_NEEDS_QMAIN --include /home/jsbien/test/djview4shapes/src/release/moc_predefs.h -I/home/jsbien/test/djview4shapes/src/mxe/usr/x86_64-w64-mingw32.static/qt5/mkspecs/win32-g++ -I/home/jsbien/test/djview4shapes/src -I/home/jsbien/test/djview4shapes/src -I/home/jsbien/test/djview4shapes/src/mxe/usr/x86_64-w64-mingw32.static/qt5/include -I/home/jsbien/test/djview4shapes/src/mxe/usr/x86_64-w64-mingw32.static/qt5/include/QtOpenGL -I/home/jsbien/test/djview4shapes/src/mxe/usr/x86_64-w64-mingw32.static/qt5/include/QtWidgets -I/home/jsbien/test/djview4shapes/src/mxe/usr/x86_64-w64-mingw32.static/qt5/include/QtGui -I/home/jsbien/test/djview4shapes/src/mxe/usr/x86_64-w64-mingw32.static/qt5/include/QtNetwork -I/home/jsbien/test/djview4shapes/src/mxe/usr/x86_64-w64-mingw32.static/qt5/include/QtCore -I/home/jsbien/test/djview4shapes/src/mxe/usr/lib/gcc/x86_64-w64-mingw32.static/5.5.0/include/c++ -I/home/jsbien/test/djview4shapes/src/mxe/usr/lib/gcc/x86_64-w64-mingw32.static/5.5.0/include/c++/x86_64-w64-mingw32.static -I/home/jsbien/test/djview4shapes/src/mxe/usr/lib/gcc/x86_64-w64-mingw32.static/5.5.0/include/c++/backward -I/home/jsbien/test/djview4shapes/src/mxe/usr/lib/gcc/x86_64-w64-mingw32.static/5.5.0/include -I/home/jsbien/test/djview4shapes/src/mxe/usr/lib/gcc/x86_64-w64-mingw32.static/5.5.0/include-fixed -I/home/jsbien/test/djview4shapes/src/mxe/usr/x86_64-w64-mingw32.static/include preferencesdialog.h -o release/moc_preferencesdialog.cpp
/home/jsbien/test/djview4shapes/src/mxe/usr/x86_64-w64-mingw32.static/qt5/bin/moc -DUNICODE -D_UNICODE -DWIN32 -DMINGW_HAS_SECURE_API=1 -DQT_NO_DEBUG -DQT_OPENGL_LIB -DQT_WIDGETS_LIB -DQT_GUI_LIB -DQT_NETWORK_LIB -DQT_CORE_LIB -DQT_NEEDS_QMAIN --include /home/jsbien/test/djview4shapes/src/release/moc_predefs.h -I/home/jsbien/test/djview4shapes/src/mxe/usr/x86_64-w64-mingw32.static/qt5/mkspecs/win32-g++ -I/home/jsbien/test/djview4shapes/src -I/home/jsbien/test/djview4shapes/src -I/home/jsbien/test/djview4shapes/src/mxe/usr/x86_64-w64-mingw32.static/qt5/include -I/home/jsbien/test/djview4shapes/src/mxe/usr/x86_64-w64-mingw32.static/qt5/include/QtOpenGL -I/home/jsbien/test/djview4shapes/src/mxe/usr/x86_64-w64-mingw32.static/qt5/include/QtWidgets -I/home/jsbien/test/djview4shapes/src/mxe/usr/x86_64-w64-mingw32.static/qt5/include/QtGui -I/home/jsbien/test/djview4shapes/src/mxe/usr/x86_64-w64-mingw32.static/qt5/include/QtNetwork -I/home/jsbien/test/djview4shapes/src/mxe/usr/x86_64-w64-mingw32.static/qt5/include/QtCore -I/home/jsbien/test/djview4shapes/src/mxe/usr/lib/gcc/x86_64-w64-mingw32.static/5.5.0/include/c++ -I/home/jsbien/test/djview4shapes/src/mxe/usr/lib/gcc/x86_64-w64-mingw32.static/5.5.0/include/c++/x86_64-w64-mingw32.static -I/home/jsbien/test/djview4shapes/src/mxe/usr/lib/gcc/x86_64-w64-mingw32.static/5.5.0/include/c++/backward -I/home/jsbien/test/djview4shapes/src/mxe/usr/lib/gcc/x86_64-w64-mingw32.static/5.5.0/include -I/home/jsbien/test/djview4shapes/src/mxe/usr/lib/gcc/x86_64-w64-mingw32.static/5.5.0/include-fixed -I/home/jsbien/test/djview4shapes/src/mxe/usr/x86_64-w64-mingw32.static/include helpdialog.h -o release/moc_helpdialog.cpp
x86_64-w64-mingw32.static-windres -i windows.rc -o release/windows_res.o --include-dir=. -DUNICODE -D_UNICODE -DWIN32 -DMINGW_HAS_SECURE_API=1 -DQT_NO_DEBUG -DQT_OPENGL_LIB -DQT_WIDGETS_LIB -DQT_GUI_LIB -DQT_NETWORK_LIB -DQT_CORE_LIB -DQT_NEEDS_QMAIN
x86_64-w64-mingw32.static-g++ -c -pipe -fno-keep-inline-dllexport -std=c++11 -DDDJVUAPI= -DMINILISPAPI= -O2 -std=gnu++11 -Wall -Wextra -Wextra -ffunction-sections -fdata-sections -fexceptions -mthreads -DUNICODE -D_UNICODE -DWIN32 -DMINGW_HAS_SECURE_API=1 -DQT_NO_DEBUG -DQT_OPENGL_LIB -DQT_WIDGETS_LIB -DQT_GUI_LIB -DQT_NETWORK_LIB -DQT_CORE_LIB -DQT_NEEDS_QMAIN -I. -I. -Imxe/usr/x86_64-w64-mingw32.static/qt5/include -Imxe/usr/x86_64-w64-mingw32.static/qt5/include/QtOpenGL -Imxe/usr/x86_64-w64-mingw32.static/qt5/include/QtWidgets -Imxe/usr/x86_64-w64-mingw32.static/qt5/include/QtGui -Imxe/usr/x86_64-w64-mingw32.static/qt5/include/QtNetwork -Imxe/usr/x86_64-w64-mingw32.static/qt5/include/QtCore -Irelease -I. -Imxe/usr/x86_64-w64-mingw32.static/qt5/mkspecs/win32-g++  -o release/mainwindow.o mainwindow.cpp
/home/jsbien/test/djview4shapes/src/mxe/usr/x86_64-w64-mingw32.static/qt5/bin/moc -DUNICODE -D_UNICODE -DWIN32 -DMINGW_HAS_SECURE_API=1 -DQT_NO_DEBUG -DQT_OPENGL_LIB -DQT_WIDGETS_LIB -DQT_GUI_LIB -DQT_NETWORK_LIB -DQT_CORE_LIB -DQT_NEEDS_QMAIN --include /home/jsbien/test/djview4shapes/src/release/moc_predefs.h -I/home/jsbien/test/djview4shapes/src/mxe/usr/x86_64-w64-mingw32.static/qt5/mkspecs/win32-g++ -I/home/jsbien/test/djview4shapes/src -I/home/jsbien/test/djview4shapes/src -I/home/jsbien/test/djview4shapes/src/mxe/usr/x86_64-w64-mingw32.static/qt5/include -I/home/jsbien/test/djview4shapes/src/mxe/usr/x86_64-w64-mingw32.static/qt5/include/QtOpenGL -I/home/jsbien/test/djview4shapes/src/mxe/usr/x86_64-w64-mingw32.static/qt5/include/QtWidgets -I/home/jsbien/test/djview4shapes/src/mxe/usr/x86_64-w64-mingw32.static/qt5/include/QtGui -I/home/jsbien/test/djview4shapes/src/mxe/usr/x86_64-w64-mingw32.static/qt5/include/QtNetwork -I/home/jsbien/test/djview4shapes/src/mxe/usr/x86_64-w64-mingw32.static/qt5/include/QtCore -I/home/jsbien/test/djview4shapes/src/mxe/usr/lib/gcc/x86_64-w64-mingw32.static/5.5.0/include/c++ -I/home/jsbien/test/djview4shapes/src/mxe/usr/lib/gcc/x86_64-w64-mingw32.static/5.5.0/include/c++/x86_64-w64-mingw32.static -I/home/jsbien/test/djview4shapes/src/mxe/usr/lib/gcc/x86_64-w64-mingw32.static/5.5.0/include/c++/backward -I/home/jsbien/test/djview4shapes/src/mxe/usr/lib/gcc/x86_64-w64-mingw32.static/5.5.0/include -I/home/jsbien/test/djview4shapes/src/mxe/usr/lib/gcc/x86_64-w64-mingw32.static/5.5.0/include-fixed -I/home/jsbien/test/djview4shapes/src/mxe/usr/x86_64-w64-mingw32.static/include qdjvuwidget.cpp -o release/qdjvuwidget.moc
/home/jsbien/test/djview4shapes/src/mxe/usr/x86_64-w64-mingw32.static/qt5/bin/moc -DUNICODE -D_UNICODE -DWIN32 -DMINGW_HAS_SECURE_API=1 -DQT_NO_DEBUG -DQT_OPENGL_LIB -DQT_WIDGETS_LIB -DQT_GUI_LIB -DQT_NETWORK_LIB -DQT_CORE_LIB -DQT_NEEDS_QMAIN --include /home/jsbien/test/djview4shapes/src/release/moc_predefs.h -I/home/jsbien/test/djview4shapes/src/mxe/usr/x86_64-w64-mingw32.static/qt5/mkspecs/win32-g++ -I/home/jsbien/test/djview4shapes/src -I/home/jsbien/test/djview4shapes/src -I/home/jsbien/test/djview4shapes/src/mxe/usr/x86_64-w64-mingw32.static/qt5/include -I/home/jsbien/test/djview4shapes/src/mxe/usr/x86_64-w64-mingw32.static/qt5/include/QtOpenGL -I/home/jsbien/test/djview4shapes/src/mxe/usr/x86_64-w64-mingw32.static/qt5/include/QtWidgets -I/home/jsbien/test/djview4shapes/src/mxe/usr/x86_64-w64-mingw32.static/qt5/include/QtGui -I/home/jsbien/test/djview4shapes/src/mxe/usr/x86_64-w64-mingw32.static/qt5/include/QtNetwork -I/home/jsbien/test/djview4shapes/src/mxe/usr/x86_64-w64-mingw32.static/qt5/include/QtCore -I/home/jsbien/test/djview4shapes/src/mxe/usr/lib/gcc/x86_64-w64-mingw32.static/5.5.0/include/c++ -I/home/jsbien/test/djview4shapes/src/mxe/usr/lib/gcc/x86_64-w64-mingw32.static/5.5.0/include/c++/x86_64-w64-mingw32.static -I/home/jsbien/test/djview4shapes/src/mxe/usr/lib/gcc/x86_64-w64-mingw32.static/5.5.0/include/c++/backward -I/home/jsbien/test/djview4shapes/src/mxe/usr/lib/gcc/x86_64-w64-mingw32.static/5.5.0/include -I/home/jsbien/test/djview4shapes/src/mxe/usr/lib/gcc/x86_64-w64-mingw32.static/5.5.0/include-fixed -I/home/jsbien/test/djview4shapes/src/mxe/usr/x86_64-w64-mingw32.static/include qdjvu.cpp -o release/qdjvu.moc
x86_64-w64-mingw32.static-g++ -c -pipe -fno-keep-inline-dllexport -std=c++11 -DDDJVUAPI= -DMINILISPAPI= -O2 -std=gnu++11 -Wall -Wextra -Wextra -ffunction-sections -fdata-sections -fexceptions -mthreads -DUNICODE -D_UNICODE -DWIN32 -DMINGW_HAS_SECURE_API=1 -DQT_NO_DEBUG -DQT_OPENGL_LIB -DQT_WIDGETS_LIB -DQT_GUI_LIB -DQT_NETWORK_LIB -DQT_CORE_LIB -DQT_NEEDS_QMAIN -I. -I. -Imxe/usr/x86_64-w64-mingw32.static/qt5/include -Imxe/usr/x86_64-w64-mingw32.static/qt5/include/QtOpenGL -Imxe/usr/x86_64-w64-mingw32.static/qt5/include/QtWidgets -Imxe/usr/x86_64-w64-mingw32.static/qt5/include/QtGui -Imxe/usr/x86_64-w64-mingw32.static/qt5/include/QtNetwork -Imxe/usr/x86_64-w64-mingw32.static/qt5/include/QtCore -Irelease -I. -Imxe/usr/x86_64-w64-mingw32.static/qt5/mkspecs/win32-g++  -o release/qdjvunet.o qdjvunet.cpp
x86_64-w64-mingw32.static-g++ -c -pipe -fno-keep-inline-dllexport -std=c++11 -DDDJVUAPI= -DMINILISPAPI= -O2 -std=gnu++11 -Wall -Wextra -Wextra -ffunction-sections -fdata-sections -fexceptions -mthreads -DUNICODE -D_UNICODE -DWIN32 -DMINGW_HAS_SECURE_API=1 -DQT_NO_DEBUG -DQT_OPENGL_LIB -DQT_WIDGETS_LIB -DQT_GUI_LIB -DQT_NETWORK_LIB -DQT_CORE_LIB -DQT_NEEDS_QMAIN -I. -I. -Imxe/usr/x86_64-w64-mingw32.static/qt5/include -Imxe/usr/x86_64-w64-mingw32.static/qt5/include/QtOpenGL -Imxe/usr/x86_64-w64-mingw32.static/qt5/include/QtWidgets -Imxe/usr/x86_64-w64-mingw32.static/qt5/include/QtGui -Imxe/usr/x86_64-w64-mingw32.static/qt5/include/QtNetwork -Imxe/usr/x86_64-w64-mingw32.static/qt5/include/QtCore -Irelease -I. -Imxe/usr/x86_64-w64-mingw32.static/qt5/mkspecs/win32-g++  -o release/qrc_resources.o release/qrc_resources.cpp
x86_64-w64-mingw32.static-g++ -c -pipe -fno-keep-inline-dllexport -std=c++11 -DDDJVUAPI= -DMINILISPAPI= -O2 -std=gnu++11 -Wall -Wextra -Wextra -ffunction-sections -fdata-sections -fexceptions -mthreads -DUNICODE -D_UNICODE -DWIN32 -DMINGW_HAS_SECURE_API=1 -DQT_NO_DEBUG -DQT_OPENGL_LIB -DQT_WIDGETS_LIB -DQT_GUI_LIB -DQT_NETWORK_LIB -DQT_CORE_LIB -DQT_NEEDS_QMAIN -I. -I. -Imxe/usr/x86_64-w64-mingw32.static/qt5/include -Imxe/usr/x86_64-w64-mingw32.static/qt5/include/QtOpenGL -Imxe/usr/x86_64-w64-mingw32.static/qt5/include/QtWidgets -Imxe/usr/x86_64-w64-mingw32.static/qt5/include/QtGui -Imxe/usr/x86_64-w64-mingw32.static/qt5/include/QtNetwork -Imxe/usr/x86_64-w64-mingw32.static/qt5/include/QtCore -Irelease -I. -Imxe/usr/x86_64-w64-mingw32.static/qt5/mkspecs/win32-g++  -o release/moc_recentfiles.o release/moc_recentfiles.cpp
x86_64-w64-mingw32.static-g++ -c -pipe -fno-keep-inline-dllexport -std=c++11 -DDDJVUAPI= -DMINILISPAPI= -O2 -std=gnu++11 -Wall -Wextra -Wextra -ffunction-sections -fdata-sections -fexceptions -mthreads -DUNICODE -D_UNICODE -DWIN32 -DMINGW_HAS_SECURE_API=1 -DQT_NO_DEBUG -DQT_OPENGL_LIB -DQT_WIDGETS_LIB -DQT_GUI_LIB -DQT_NETWORK_LIB -DQT_CORE_LIB -DQT_NEEDS_QMAIN -I. -I. -Imxe/usr/x86_64-w64-mingw32.static/qt5/include -Imxe/usr/x86_64-w64-mingw32.static/qt5/include/QtOpenGL -Imxe/usr/x86_64-w64-mingw32.static/qt5/include/QtWidgets -Imxe/usr/x86_64-w64-mingw32.static/qt5/include/QtGui -Imxe/usr/x86_64-w64-mingw32.static/qt5/include/QtNetwork -Imxe/usr/x86_64-w64-mingw32.static/qt5/include/QtCore -Irelease -I. -Imxe/usr/x86_64-w64-mingw32.static/qt5/mkspecs/win32-g++  -o release/moc_mainwindow.o release/moc_mainwindow.cpp
x86_64-w64-mingw32.static-g++ -c -pipe -fno-keep-inline-dllexport -std=c++11 -DDDJVUAPI= -DMINILISPAPI= -O2 -std=gnu++11 -Wall -Wextra -Wextra -ffunction-sections -fdata-sections -fexceptions -mthreads -DUNICODE -D_UNICODE -DWIN32 -DMINGW_HAS_SECURE_API=1 -DQT_NO_DEBUG -DQT_OPENGL_LIB -DQT_WIDGETS_LIB -DQT_GUI_LIB -DQT_NETWORK_LIB -DQT_CORE_LIB -DQT_NEEDS_QMAIN -I. -I. -Imxe/usr/x86_64-w64-mingw32.static/qt5/include -Imxe/usr/x86_64-w64-mingw32.static/qt5/include/QtOpenGL -Imxe/usr/x86_64-w64-mingw32.static/qt5/include/QtWidgets -Imxe/usr/x86_64-w64-mingw32.static/qt5/include/QtGui -Imxe/usr/x86_64-w64-mingw32.static/qt5/include/QtNetwork -Imxe/usr/x86_64-w64-mingw32.static/qt5/include/QtCore -Irelease -I. -Imxe/usr/x86_64-w64-mingw32.static/qt5/mkspecs/win32-g++  -o release/moc_qdjvuwidget.o release/moc_qdjvuwidget.cpp
qdjvunet.cpp: In member function 'bool QDjVuNetDocument::Private::doAuth(QString, QAuthenticator*)':
qdjvunet.cpp:238:27: warning: 'QString::null' is deprecated: use QString() [-Wdeprecated-declarations]
   QString pass = QString::null;
                           ^
In file included from mxe/usr/x86_64-w64-mingw32.static/qt5/include/QtCore/qobject.h:47:0,
                 from mxe/usr/x86_64-w64-mingw32.static/qt5/include/QtCore/QObject:1,
                 from ./qdjvu.h:42,
                 from qdjvunet.h:25,
                 from qdjvunet.cpp:22:
mxe/usr/x86_64-w64-mingw32.static/qt5/include/QtCore/qstring.h:949:23: note: declared here
     static const Null null;
                       ^
qdjvunet.cpp:238:27: warning: 'QString::null' is deprecated: use QString() [-Wdeprecated-declarations]
   QString pass = QString::null;
                           ^
In file included from mxe/usr/x86_64-w64-mingw32.static/qt5/include/QtCore/qobject.h:47:0,
                 from mxe/usr/x86_64-w64-mingw32.static/qt5/include/QtCore/QObject:1,
                 from ./qdjvu.h:42,
                 from qdjvunet.h:25,
                 from qdjvunet.cpp:22:
mxe/usr/x86_64-w64-mingw32.static/qt5/include/QtCore/qstring.h:949:23: note: declared here
     static const Null null;
                       ^
qdjvunet.cpp:238:27: warning: 'QString::null' is deprecated: use QString() [-Wdeprecated-declarations]
   QString pass = QString::null;
                           ^
In file included from mxe/usr/x86_64-w64-mingw32.static/qt5/include/QtCore/qobject.h:47:0,
                 from mxe/usr/x86_64-w64-mingw32.static/qt5/include/QtCore/QObject:1,
                 from ./qdjvu.h:42,
                 from qdjvunet.h:25,
                 from qdjvunet.cpp:22:
mxe/usr/x86_64-w64-mingw32.static/qt5/include/QtCore/qstring.h:949:23: note: declared here
     static const Null null;
                       ^
x86_64-w64-mingw32.static-g++ -c -pipe -fno-keep-inline-dllexport -std=c++11 -DDDJVUAPI= -DMINILISPAPI= -O2 -std=gnu++11 -Wall -Wextra -Wextra -ffunction-sections -fdata-sections -fexceptions -mthreads -DUNICODE -D_UNICODE -DWIN32 -DMINGW_HAS_SECURE_API=1 -DQT_NO_DEBUG -DQT_OPENGL_LIB -DQT_WIDGETS_LIB -DQT_GUI_LIB -DQT_NETWORK_LIB -DQT_CORE_LIB -DQT_NEEDS_QMAIN -I. -I. -Imxe/usr/x86_64-w64-mingw32.static/qt5/include -Imxe/usr/x86_64-w64-mingw32.static/qt5/include/QtOpenGL -Imxe/usr/x86_64-w64-mingw32.static/qt5/include/QtWidgets -Imxe/usr/x86_64-w64-mingw32.static/qt5/include/QtGui -Imxe/usr/x86_64-w64-mingw32.static/qt5/include/QtNetwork -Imxe/usr/x86_64-w64-mingw32.static/qt5/include/QtCore -Irelease -I. -Imxe/usr/x86_64-w64-mingw32.static/qt5/mkspecs/win32-g++  -o release/moc_qdjvunet.o release/moc_qdjvunet.cpp
x86_64-w64-mingw32.static-g++ -c -pipe -fno-keep-inline-dllexport -std=c++11 -DDDJVUAPI= -DMINILISPAPI= -O2 -std=gnu++11 -Wall -Wextra -Wextra -ffunction-sections -fdata-sections -fexceptions -mthreads -DUNICODE -D_UNICODE -DWIN32 -DMINGW_HAS_SECURE_API=1 -DQT_NO_DEBUG -DQT_OPENGL_LIB -DQT_WIDGETS_LIB -DQT_GUI_LIB -DQT_NETWORK_LIB -DQT_CORE_LIB -DQT_NEEDS_QMAIN -I. -I. -Imxe/usr/x86_64-w64-mingw32.static/qt5/include -Imxe/usr/x86_64-w64-mingw32.static/qt5/include/QtOpenGL -Imxe/usr/x86_64-w64-mingw32.static/qt5/include/QtWidgets -Imxe/usr/x86_64-w64-mingw32.static/qt5/include/QtGui -Imxe/usr/x86_64-w64-mingw32.static/qt5/include/QtNetwork -Imxe/usr/x86_64-w64-mingw32.static/qt5/include/QtCore -Irelease -I. -Imxe/usr/x86_64-w64-mingw32.static/qt5/mkspecs/win32-g++  -o release/moc_qdjvu.o release/moc_qdjvu.cpp
x86_64-w64-mingw32.static-g++ -c -pipe -fno-keep-inline-dllexport -std=c++11 -DDDJVUAPI= -DMINILISPAPI= -O2 -std=gnu++11 -Wall -Wextra -Wextra -ffunction-sections -fdata-sections -fexceptions -mthreads -DUNICODE -D_UNICODE -DWIN32 -DMINGW_HAS_SECURE_API=1 -DQT_NO_DEBUG -DQT_OPENGL_LIB -DQT_WIDGETS_LIB -DQT_GUI_LIB -DQT_NETWORK_LIB -DQT_CORE_LIB -DQT_NEEDS_QMAIN -I. -I. -Imxe/usr/x86_64-w64-mingw32.static/qt5/include -Imxe/usr/x86_64-w64-mingw32.static/qt5/include/QtOpenGL -Imxe/usr/x86_64-w64-mingw32.static/qt5/include/QtWidgets -Imxe/usr/x86_64-w64-mingw32.static/qt5/include/QtGui -Imxe/usr/x86_64-w64-mingw32.static/qt5/include/QtNetwork -Imxe/usr/x86_64-w64-mingw32.static/qt5/include/QtCore -Irelease -I. -Imxe/usr/x86_64-w64-mingw32.static/qt5/mkspecs/win32-g++  -o release/moc_messagedialog.o release/moc_messagedialog.cpp
x86_64-w64-mingw32.static-g++ -c -pipe -fno-keep-inline-dllexport -std=c++11 -DDDJVUAPI= -DMINILISPAPI= -O2 -std=gnu++11 -Wall -Wextra -Wextra -ffunction-sections -fdata-sections -fexceptions -mthreads -DUNICODE -D_UNICODE -DWIN32 -DMINGW_HAS_SECURE_API=1 -DQT_NO_DEBUG -DQT_OPENGL_LIB -DQT_WIDGETS_LIB -DQT_GUI_LIB -DQT_NETWORK_LIB -DQT_CORE_LIB -DQT_NEEDS_QMAIN -I. -I. -Imxe/usr/x86_64-w64-mingw32.static/qt5/include -Imxe/usr/x86_64-w64-mingw32.static/qt5/include/QtOpenGL -Imxe/usr/x86_64-w64-mingw32.static/qt5/include/QtWidgets -Imxe/usr/x86_64-w64-mingw32.static/qt5/include/QtGui -Imxe/usr/x86_64-w64-mingw32.static/qt5/include/QtNetwork -Imxe/usr/x86_64-w64-mingw32.static/qt5/include/QtCore -Irelease -I. -Imxe/usr/x86_64-w64-mingw32.static/qt5/mkspecs/win32-g++  -o release/moc_shapeswidget.o release/moc_shapeswidget.cpp
x86_64-w64-mingw32.static-g++ -c -pipe -fno-keep-inline-dllexport -std=c++11 -DDDJVUAPI= -DMINILISPAPI= -O2 -std=gnu++11 -Wall -Wextra -Wextra -ffunction-sections -fdata-sections -fexceptions -mthreads -DUNICODE -D_UNICODE -DWIN32 -DMINGW_HAS_SECURE_API=1 -DQT_NO_DEBUG -DQT_OPENGL_LIB -DQT_WIDGETS_LIB -DQT_GUI_LIB -DQT_NETWORK_LIB -DQT_CORE_LIB -DQT_NEEDS_QMAIN -I. -I. -Imxe/usr/x86_64-w64-mingw32.static/qt5/include -Imxe/usr/x86_64-w64-mingw32.static/qt5/include/QtOpenGL -Imxe/usr/x86_64-w64-mingw32.static/qt5/include/QtWidgets -Imxe/usr/x86_64-w64-mingw32.static/qt5/include/QtGui -Imxe/usr/x86_64-w64-mingw32.static/qt5/include/QtNetwork -Imxe/usr/x86_64-w64-mingw32.static/qt5/include/QtCore -Irelease -I. -Imxe/usr/x86_64-w64-mingw32.static/qt5/mkspecs/win32-g++  -o release/moc_shapeextractor.o release/moc_shapeextractor.cpp
x86_64-w64-mingw32.static-g++ -c -pipe -fno-keep-inline-dllexport -std=c++11 -DDDJVUAPI= -DMINILISPAPI= -O2 -std=gnu++11 -Wall -Wextra -Wextra -ffunction-sections -fdata-sections -fexceptions -mthreads -DUNICODE -D_UNICODE -DWIN32 -DMINGW_HAS_SECURE_API=1 -DQT_NO_DEBUG -DQT_OPENGL_LIB -DQT_WIDGETS_LIB -DQT_GUI_LIB -DQT_NETWORK_LIB -DQT_CORE_LIB -DQT_NEEDS_QMAIN -I. -I. -Imxe/usr/x86_64-w64-mingw32.static/qt5/include -Imxe/usr/x86_64-w64-mingw32.static/qt5/include/QtOpenGL -Imxe/usr/x86_64-w64-mingw32.static/qt5/include/QtWidgets -Imxe/usr/x86_64-w64-mingw32.static/qt5/include/QtGui -Imxe/usr/x86_64-w64-mingw32.static/qt5/include/QtNetwork -Imxe/usr/x86_64-w64-mingw32.static/qt5/include/QtCore -Irelease -I. -Imxe/usr/x86_64-w64-mingw32.static/qt5/mkspecs/win32-g++  -o release/moc_shapemodel.o release/moc_shapemodel.cpp
x86_64-w64-mingw32.static-g++ -c -pipe -fno-keep-inline-dllexport -std=c++11 -DDDJVUAPI= -DMINILISPAPI= -O2 -std=gnu++11 -Wall -Wextra -Wextra -ffunction-sections -fdata-sections -fexceptions -mthreads -DUNICODE -D_UNICODE -DWIN32 -DMINGW_HAS_SECURE_API=1 -DQT_NO_DEBUG -DQT_OPENGL_LIB -DQT_WIDGETS_LIB -DQT_GUI_LIB -DQT_NETWORK_LIB -DQT_CORE_LIB -DQT_NEEDS_QMAIN -I. -I. -Imxe/usr/x86_64-w64-mingw32.static/qt5/include -Imxe/usr/x86_64-w64-mingw32.static/qt5/include/QtOpenGL -Imxe/usr/x86_64-w64-mingw32.static/qt5/include/QtWidgets -Imxe/usr/x86_64-w64-mingw32.static/qt5/include/QtGui -Imxe/usr/x86_64-w64-mingw32.static/qt5/include/QtNetwork -Imxe/usr/x86_64-w64-mingw32.static/qt5/include/QtCore -Irelease -I. -Imxe/usr/x86_64-w64-mingw32.static/qt5/mkspecs/win32-g++  -o release/moc_shapedocument.o release/moc_shapedocument.cpp
x86_64-w64-mingw32.static-g++ -c -pipe -fno-keep-inline-dllexport -std=c++11 -DDDJVUAPI= -DMINILISPAPI= -O2 -std=gnu++11 -Wall -Wextra -Wextra -ffunction-sections -fdata-sections -fexceptions -mthreads -DUNICODE -D_UNICODE -DWIN32 -DMINGW_HAS_SECURE_API=1 -DQT_NO_DEBUG -DQT_OPENGL_LIB -DQT_WIDGETS_LIB -DQT_GUI_LIB -DQT_NETWORK_LIB -DQT_CORE_LIB -DQT_NEEDS_QMAIN -I. -I. -Imxe/usr/x86_64-w64-mingw32.static/qt5/include -Imxe/usr/x86_64-w64-mingw32.static/qt5/include/QtOpenGL -Imxe/usr/x86_64-w64-mingw32.static/qt5/include/QtWidgets -Imxe/usr/x86_64-w64-mingw32.static/qt5/include/QtGui -Imxe/usr/x86_64-w64-mingw32.static/qt5/include/QtNetwork -Imxe/usr/x86_64-w64-mingw32.static/qt5/include/QtCore -Irelease -I. -Imxe/usr/x86_64-w64-mingw32.static/qt5/mkspecs/win32-g++  -o release/moc_shapepreview.o release/moc_shapepreview.cpp
x86_64-w64-mingw32.static-g++ -c -pipe -fno-keep-inline-dllexport -std=c++11 -DDDJVUAPI= -DMINILISPAPI= -O2 -std=gnu++11 -Wall -Wextra -Wextra -ffunction-sections -fdata-sections -fexceptions -mthreads -DUNICODE -D_UNICODE -DWIN32 -DMINGW_HAS_SECURE_API=1 -DQT_NO_DEBUG -DQT_OPENGL_LIB -DQT_WIDGETS_LIB -DQT_GUI_LIB -DQT_NETWORK_LIB -DQT_CORE_LIB -DQT_NEEDS_QMAIN -I. -I. -Imxe/usr/x86_64-w64-mingw32.static/qt5/include -Imxe/usr/x86_64-w64-mingw32.static/qt5/include/QtOpenGL -Imxe/usr/x86_64-w64-mingw32.static/qt5/include/QtWidgets -Imxe/usr/x86_64-w64-mingw32.static/qt5/include/QtGui -Imxe/usr/x86_64-w64-mingw32.static/qt5/include/QtNetwork -Imxe/usr/x86_64-w64-mingw32.static/qt5/include/QtCore -Irelease -I. -Imxe/usr/x86_64-w64-mingw32.static/qt5/mkspecs/win32-g++  -o release/moc_shapepreviewlist.o release/moc_shapepreviewlist.cpp
x86_64-w64-mingw32.static-g++ -c -pipe -fno-keep-inline-dllexport -std=c++11 -DDDJVUAPI= -DMINILISPAPI= -O2 -std=gnu++11 -Wall -Wextra -Wextra -ffunction-sections -fdata-sections -fexceptions -mthreads -DUNICODE -D_UNICODE -DWIN32 -DMINGW_HAS_SECURE_API=1 -DQT_NO_DEBUG -DQT_OPENGL_LIB -DQT_WIDGETS_LIB -DQT_GUI_LIB -DQT_NETWORK_LIB -DQT_CORE_LIB -DQT_NEEDS_QMAIN -I. -I. -Imxe/usr/x86_64-w64-mingw32.static/qt5/include -Imxe/usr/x86_64-w64-mingw32.static/qt5/include/QtOpenGL -Imxe/usr/x86_64-w64-mingw32.static/qt5/include/QtWidgets -Imxe/usr/x86_64-w64-mingw32.static/qt5/include/QtGui -Imxe/usr/x86_64-w64-mingw32.static/qt5/include/QtNetwork -Imxe/usr/x86_64-w64-mingw32.static/qt5/include/QtCore -Irelease -I. -Imxe/usr/x86_64-w64-mingw32.static/qt5/mkspecs/win32-g++  -o release/moc_preferencesdialog.o release/moc_preferencesdialog.cpp
x86_64-w64-mingw32.static-g++ -c -pipe -fno-keep-inline-dllexport -std=c++11 -DDDJVUAPI= -DMINILISPAPI= -O2 -std=gnu++11 -Wall -Wextra -Wextra -ffunction-sections -fdata-sections -fexceptions -mthreads -DUNICODE -D_UNICODE -DWIN32 -DMINGW_HAS_SECURE_API=1 -DQT_NO_DEBUG -DQT_OPENGL_LIB -DQT_WIDGETS_LIB -DQT_GUI_LIB -DQT_NETWORK_LIB -DQT_CORE_LIB -DQT_NEEDS_QMAIN -I. -I. -Imxe/usr/x86_64-w64-mingw32.static/qt5/include -Imxe/usr/x86_64-w64-mingw32.static/qt5/include/QtOpenGL -Imxe/usr/x86_64-w64-mingw32.static/qt5/include/QtWidgets -Imxe/usr/x86_64-w64-mingw32.static/qt5/include/QtGui -Imxe/usr/x86_64-w64-mingw32.static/qt5/include/QtNetwork -Imxe/usr/x86_64-w64-mingw32.static/qt5/include/QtCore -Irelease -I. -Imxe/usr/x86_64-w64-mingw32.static/qt5/mkspecs/win32-g++  -o release/moc_helpdialog.o release/moc_helpdialog.cpp
x86_64-w64-mingw32.static-g++ -c -pipe -fno-keep-inline-dllexport -std=c++11 -DDDJVUAPI= -DMINILISPAPI= -O2 -std=gnu++11 -Wall -Wextra -Wextra -ffunction-sections -fdata-sections -fexceptions -mthreads -DUNICODE -D_UNICODE -DWIN32 -DMINGW_HAS_SECURE_API=1 -DQT_NO_DEBUG -DQT_OPENGL_LIB -DQT_WIDGETS_LIB -DQT_GUI_LIB -DQT_NETWORK_LIB -DQT_CORE_LIB -DQT_NEEDS_QMAIN -I. -I. -Imxe/usr/x86_64-w64-mingw32.static/qt5/include -Imxe/usr/x86_64-w64-mingw32.static/qt5/include/QtOpenGL -Imxe/usr/x86_64-w64-mingw32.static/qt5/include/QtWidgets -Imxe/usr/x86_64-w64-mingw32.static/qt5/include/QtGui -Imxe/usr/x86_64-w64-mingw32.static/qt5/include/QtNetwork -Imxe/usr/x86_64-w64-mingw32.static/qt5/include/QtCore -Irelease -I. -Imxe/usr/x86_64-w64-mingw32.static/qt5/mkspecs/win32-g++  -o release/qdjvuwidget.o qdjvuwidget.cpp
x86_64-w64-mingw32.static-g++ -c -pipe -fno-keep-inline-dllexport -std=c++11 -DDDJVUAPI= -DMINILISPAPI= -O2 -std=gnu++11 -Wall -Wextra -Wextra -ffunction-sections -fdata-sections -fexceptions -mthreads -DUNICODE -D_UNICODE -DWIN32 -DMINGW_HAS_SECURE_API=1 -DQT_NO_DEBUG -DQT_OPENGL_LIB -DQT_WIDGETS_LIB -DQT_GUI_LIB -DQT_NETWORK_LIB -DQT_CORE_LIB -DQT_NEEDS_QMAIN -I. -I. -Imxe/usr/x86_64-w64-mingw32.static/qt5/include -Imxe/usr/x86_64-w64-mingw32.static/qt5/include/QtOpenGL -Imxe/usr/x86_64-w64-mingw32.static/qt5/include/QtWidgets -Imxe/usr/x86_64-w64-mingw32.static/qt5/include/QtGui -Imxe/usr/x86_64-w64-mingw32.static/qt5/include/QtNetwork -Imxe/usr/x86_64-w64-mingw32.static/qt5/include/QtCore -Irelease -I. -Imxe/usr/x86_64-w64-mingw32.static/qt5/mkspecs/win32-g++  -o release/qdjvu.o qdjvu.cpp
qdjvuwidget.cpp: In function 'QRegion cover_region(QRegion, const QRect&)':
qdjvuwidget.cpp:216:39: warning: 'QVector<QRect> QRegion::rects() const' is deprecated: Use begin()/end() instead [-Wdeprecated-declarations]
   QVector<QRect> rects = region.rects();
                                       ^
In file included from mxe/usr/x86_64-w64-mingw32.static/qt5/include/QtGui/qmatrix.h:45:0,
                 from mxe/usr/x86_64-w64-mingw32.static/qt5/include/QtGui/qbrush.h:49,
                 from mxe/usr/x86_64-w64-mingw32.static/qt5/include/QtGui/qpalette.h:46,
                 from mxe/usr/x86_64-w64-mingw32.static/qt5/include/QtWidgets/qwidget.h:48,
                 from mxe/usr/x86_64-w64-mingw32.static/qt5/include/QtWidgets/QWidget:1,
                 from qdjvuwidget.h:28,
                 from qdjvuwidget.cpp:31:
mxe/usr/x86_64-w64-mingw32.static/qt5/include/QtGui/qregion.h:125:20: note: declared here
     QVector<QRect> rects() const;
                    ^
qdjvuwidget.cpp:221:25: warning: 'QVector<QRect> QRegion::rects() const' is deprecated: Use begin()/end() instead [-Wdeprecated-declarations]
   rects = dilated.rects();
                         ^
In file included from mxe/usr/x86_64-w64-mingw32.static/qt5/include/QtGui/qmatrix.h:45:0,
                 from mxe/usr/x86_64-w64-mingw32.static/qt5/include/QtGui/qbrush.h:49,
                 from mxe/usr/x86_64-w64-mingw32.static/qt5/include/QtGui/qpalette.h:46,
                 from mxe/usr/x86_64-w64-mingw32.static/qt5/include/QtWidgets/qwidget.h:48,
                 from mxe/usr/x86_64-w64-mingw32.static/qt5/include/QtWidgets/QWidget:1,
                 from qdjvuwidget.h:28,
                 from qdjvuwidget.cpp:31:
mxe/usr/x86_64-w64-mingw32.static/qt5/include/QtGui/qregion.h:125:20: note: declared here
     QVector<QRect> rects() const;
                    ^
qdjvuwidget.cpp: In member function 'bool QDjVuPrivate::paintPage(QPainter&, {anonymous}::Page*, const QRegion&)':
qdjvuwidget.cpp:4386:38: warning: 'QVector<QRect> QRegion::rects() const' is deprecated: Use begin()/end() instead [-Wdeprecated-declarations]
   QVector<QRect> rects = cover.rects();
                                      ^
In file included from mxe/usr/x86_64-w64-mingw32.static/qt5/include/QtGui/qmatrix.h:45:0,
                 from mxe/usr/x86_64-w64-mingw32.static/qt5/include/QtGui/qbrush.h:49,
                 from mxe/usr/x86_64-w64-mingw32.static/qt5/include/QtGui/qpalette.h:46,
                 from mxe/usr/x86_64-w64-mingw32.static/qt5/include/QtWidgets/qwidget.h:48,
                 from mxe/usr/x86_64-w64-mingw32.static/qt5/include/QtWidgets/QWidget:1,
                 from qdjvuwidget.h:28,
                 from qdjvuwidget.cpp:31:
mxe/usr/x86_64-w64-mingw32.static/qt5/include/QtGui/qregion.h:125:20: note: declared here
     QVector<QRect> rects() const;
                    ^
qdjvuwidget.cpp: In member function 'void QDjVuPrivate::changeSelectedRectangle(const QRect&)':
qdjvuwidget.cpp:4648:43: warning: 'QVector<QRect> QRegion::rects() const' is deprecated: Use begin()/end() instead [-Wdeprecated-declarations]
       QVector<QRect> rects = region.rects();
                                           ^
In file included from mxe/usr/x86_64-w64-mingw32.static/qt5/include/QtGui/qmatrix.h:45:0,
                 from mxe/usr/x86_64-w64-mingw32.static/qt5/include/QtGui/qbrush.h:49,
                 from mxe/usr/x86_64-w64-mingw32.static/qt5/include/QtGui/qpalette.h:46,
                 from mxe/usr/x86_64-w64-mingw32.static/qt5/include/QtWidgets/qwidget.h:48,
                 from mxe/usr/x86_64-w64-mingw32.static/qt5/include/QtWidgets/QWidget:1,
                 from qdjvuwidget.h:28,
                 from qdjvuwidget.cpp:31:
mxe/usr/x86_64-w64-mingw32.static/qt5/include/QtGui/qregion.h:125:20: note: declared here
     QVector<QRect> rects() const;
                    ^
qdjvuwidget.cpp: In member function 'virtual void QDjVuWidget::wheelEvent(QWheelEvent*)':
qdjvuwidget.cpp:5068:28: warning: 'int QWheelEvent::delta() const' is deprecated: Use angleDelta() [-Wdeprecated-declarations]
           if (event->delta() > 0)
                            ^
In file included from mxe/usr/x86_64-w64-mingw32.static/qt5/include/QtGui/QKeyEvent:1:0,
                 from qdjvuwidget.cpp:38:
mxe/usr/x86_64-w64-mingw32.static/qt5/include/QtGui/qevent.h:219:16: note: declared here
     inline int delta() const  { return qt4D; }
                ^
qdjvuwidget.cpp:5075:28: warning: 'int QWheelEvent::delta() const' is deprecated: Use angleDelta() [-Wdeprecated-declarations]
           if (event->delta() > 0)
                            ^
In file included from mxe/usr/x86_64-w64-mingw32.static/qt5/include/QtGui/QKeyEvent:1:0,
                 from qdjvuwidget.cpp:38:
mxe/usr/x86_64-w64-mingw32.static/qt5/include/QtGui/qevent.h:219:16: note: declared here
     inline int delta() const  { return qt4D; }
                ^
qdjvuwidget.cpp: In member function 'void QDjVuLens::recenter(const QPoint&)':
qdjvuwidget.cpp:5401:21: warning: 'static void QCoreApplication::flush()' is deprecated [-Wdeprecated-declarations]
   QCoreApplication::flush();
                     ^
In file included from mxe/usr/x86_64-w64-mingw32.static/qt5/include/QtWidgets/qapplication.h:44:0,
                 from mxe/usr/x86_64-w64-mingw32.static/qt5/include/QtWidgets/QApplication:1,
                 from qdjvuwidget.cpp:33:
mxe/usr/x86_64-w64-mingw32.static/qt5/include/QtCore/qcoreapplication.h:169:31: note: declared here
     QT_DEPRECATED static void flush();
                               ^
qdjvuwidget.cpp:5401:27: warning: 'static void QCoreApplication::flush()' is deprecated [-Wdeprecated-declarations]
   QCoreApplication::flush();
                           ^
In file included from mxe/usr/x86_64-w64-mingw32.static/qt5/include/QtWidgets/qapplication.h:44:0,
                 from mxe/usr/x86_64-w64-mingw32.static/qt5/include/QtWidgets/QApplication:1,
                 from qdjvuwidget.cpp:33:
mxe/usr/x86_64-w64-mingw32.static/qt5/include/QtCore/qcoreapplication.h:169:31: note: declared here
     QT_DEPRECATED static void flush();
                               ^
qdjvuwidget.cpp: In member function 'virtual void QDjVuLens::paintEvent(QPaintEvent*)':
qdjvuwidget.cpp:5472:45: warning: 'QVector<QRect> QRegion::rects() const' is deprecated: Use begin()/end() instead [-Wdeprecated-declarations]
           QVector<QRect> rects = prgn.rects();
                                             ^
In file included from mxe/usr/x86_64-w64-mingw32.static/qt5/include/QtGui/qmatrix.h:45:0,
                 from mxe/usr/x86_64-w64-mingw32.static/qt5/include/QtGui/qbrush.h:49,
                 from mxe/usr/x86_64-w64-mingw32.static/qt5/include/QtGui/qpalette.h:46,
                 from mxe/usr/x86_64-w64-mingw32.static/qt5/include/QtWidgets/qwidget.h:48,
                 from mxe/usr/x86_64-w64-mingw32.static/qt5/include/QtWidgets/QWidget:1,
                 from qdjvuwidget.h:28,
                 from qdjvuwidget.cpp:31:
mxe/usr/x86_64-w64-mingw32.static/qt5/include/QtGui/qregion.h:125:20: note: declared here
     QVector<QRect> rects() const;
                    ^
x86_64-w64-mingw32.static-g++ -static -static-libgcc -static-libstdc++ -Wl,-s -Wl,--gc-sections -Wl,-subsystem,windows -mthreads -o release/djview-shapes.exe release/recentfiles.o release/mainwindow.o release/qdjvuwidget.o release/qdjvu.o release/messagedialog.o release/version.o release/main.o release/shapeswidget.o release/shapeextractor.o release/shape.o release/shapelist.o release/shapemodel.o release/blit.o release/shapedocument.o release/shapepreview.o release/shapepreviewlist.o release/preferencesdialog.o release/helpdialog.o release/qdjvunet.o release/djview-shapes_plugin_import.o release/qrc_resources.o release/moc_recentfiles.o release/moc_mainwindow.o release/moc_qdjvuwidget.o release/moc_qdjvunet.o release/moc_qdjvu.o release/moc_messagedialog.o release/moc_shapeswidget.o release/moc_shapeextractor.o release/moc_shapemodel.o release/moc_shapedocument.o release/moc_shapepreview.o release/moc_shapepreviewlist.o release/moc_preferencesdialog.o release/moc_helpdialog.o  mxe/usr/i686-w64-mingw32.static/lib/libdjvulibre.a /home/jsbien/test/djview4shapes/src/mxe/usr/x86_64-w64-mingw32.static/qt5/plugins/styles/libqwindowsvistastyle.a -L/home/jsbien/test/djview4shapes/src/mxe/usr/x86_64-w64-mingw32.static/lib /home/jsbien/test/djview4shapes/src/mxe/usr/x86_64-w64-mingw32.static/qt5/plugins/platforms/libqwindows.a -lwinspool -lwtsapi32 /home/jsbien/test/djview4shapes/src/mxe/usr/x86_64-w64-mingw32.static/qt5/lib/libQt5EventDispatcherSupport.a /home/jsbien/test/djview4shapes/src/mxe/usr/x86_64-w64-mingw32.static/qt5/lib/libQt5FontDatabaseSupport.a -ldwrite -ld2d1 /home/jsbien/test/djview4shapes/src/mxe/usr/x86_64-w64-mingw32.static/qt5/lib/libQt5ThemeSupport.a /home/jsbien/test/djview4shapes/src/mxe/usr/x86_64-w64-mingw32.static/qt5/lib/libQt5AccessibilitySupport.a /home/jsbien/test/djview4shapes/src/mxe/usr/x86_64-w64-mingw32.static/qt5/lib/libQt5WindowsUIAutomationSupport.a /home/jsbien/test/djview4shapes/src/mxe/usr/x86_64-w64-mingw32.static/qt5/plugins/imageformats/libqgif.a /home/jsbien/test/djview4shapes/src/mxe/usr/x86_64-w64-mingw32.static/qt5/plugins/imageformats/libqico.a /home/jsbien/test/djview4shapes/src/mxe/usr/x86_64-w64-mingw32.static/qt5/plugins/imageformats/libqjpeg.a -ljpeg /home/jsbien/test/djview4shapes/src/mxe/usr/x86_64-w64-mingw32.static/qt5/plugins/bearer/libqgenericbearer.a /home/jsbien/test/djview4shapes/src/mxe/usr/x86_64-w64-mingw32.static/qt5/lib/libQt5OpenGL.a /home/jsbien/test/djview4shapes/src/mxe/usr/x86_64-w64-mingw32.static/qt5/lib/libQt5Widgets.a -luxtheme -ldwmapi /home/jsbien/test/djview4shapes/src/mxe/usr/x86_64-w64-mingw32.static/qt5/lib/libQt5Gui.a -ld3d11 -ldxgi -ldxguid -lharfbuzz -lcairo -lgobject-2.0 -lfontconfig -lfreetype -lm -lusp10 -lmsimg32 -lpixman-1 -lffi -lexpat -lbz2 -lpng16 -lharfbuzz_too -lfreetype_too -lglib-2.0 -lshlwapi -lpcre -lintl -liconv -lcomdlg32 -loleaut32 -limm32 /home/jsbien/test/djview4shapes/src/mxe/usr/x86_64-w64-mingw32.static/qt5/lib/libQt5Network.a -ldnsapi -liphlpapi -lssl -lcrypto -lgdi32 -lcrypt32 /home/jsbien/test/djview4shapes/src/mxe/usr/x86_64-w64-mingw32.static/qt5/lib/libQt5Core.a -lmpr -luserenv -lversion -lz -lpcre2-16 -lzstd -lnetapi32 -lws2_32 -ladvapi32 -lkernel32 -lole32 -lshell32 -luuid -luser32 -lwinmm release/windows_res.o  -ldjvulibre -ljpeg -lm -lmingw32 /home/jsbien/test/djview4shapes/src/mxe/usr/x86_64-w64-mingw32.static/qt5/lib/libqtmain.a -lshell32 
x86_64-w64-mingw32.static-g++: error: mxe/usr/i686-w64-mingw32.static/lib/libdjvulibre.a: No such file or directory
make[1]: *** [Makefile.Release:174: release/djview-shapes.exe] Error 1
make[1]: Leaving directory '/home/jsbien/test/djview4shapes/src'
make: *** [Makefile:45: release] Error 2
jsbien@debian2:~/test/djview4shapes/src$ 