$ time ./cross-compile.sh 
+ export MXE_PATH=/home/jsbien/test/djview4shapes/src/mxe
+ MXE_PATH=/home/jsbien/test/djview4shapes/src/mxe
+ export MXE_TARGET=x86_64-w64-mingw32.static
+ MXE_TARGET=x86_64-w64-mingw32.static
+ export MAKE_JOBS=6
+ MAKE_JOBS=6
+ SRC_DIR=/home/jsbien/test/djview4shapes/src
+ '[' -z '' ']'
+ '[' '!' -e /home/jsbien/test/djview4shapes/src/mxe ']'
+ cd /home/jsbien/test/djview4shapes/src/mxe
+ make qt5
+ make qtbase MXE_TARGETS=x86_64-w64-mingw32.static -j6
+ make djvulibre MXE_TARGETS=x86_64-w64-mingw32.static -j6
+ export PATH=/home/jsbien/test/djview4shapes/src/mxe/usr/bin:/usr/local/bin:/usr/bin:/bin:/usr/local/games:/usr/games
+ PATH=/home/jsbien/test/djview4shapes/src/mxe/usr/bin:/usr/local/bin:/usr/bin:/bin:/usr/local/games:/usr/games
+ cd /home/jsbien/test/djview4shapes/src
+ x86_64-w64-mingw32.static-qmake-qt5
Project MESSAGE: Cross compilation target: x86_64-w64-mingw32.static
Project MESSAGE: Cross compilation target: x86_64-w64-mingw32.static
Project MESSAGE: Cross compilation target: x86_64-w64-mingw32.static
+ make -j6
make -f Makefile.Release
make[1]: Entering directory '/home/jsbien/test/djview4shapes/src'
Makefile.Release:225: warning: overriding recipe for target 'release/qrc_resources.cpp'
Makefile.Release:216: warning: ignoring old recipe for target 'release/qrc_resources.cpp'
Makefile.Release:4489: warning: overriding recipe for target 'release/moc_qdjvunet.cpp'
Makefile.Release:1401: warning: ignoring old recipe for target 'release/moc_qdjvunet.cpp'
x86_64-w64-mingw32.static-g++ -static -static-libgcc -static-libstdc++ -Wl,-s -Wl,--gc-sections -Wl,-subsystem,windows -mthreads -o release/djview-shapes.exe release/recentfiles.o release/mainwindow.o release/qdjvuwidget.o release/qdjvu.o release/messagedialog.o release/version.o release/main.o release/shapeswidget.o release/shapeextractor.o release/shape.o release/shapelist.o release/shapemodel.o release/blit.o release/shapedocument.o release/shapepreview.o release/shapepreviewlist.o release/preferencesdialog.o release/helpdialog.o release/qdjvunet.o release/djview-shapes_plugin_import.o release/qrc_resources.o release/moc_recentfiles.o release/moc_mainwindow.o release/moc_qdjvuwidget.o release/moc_qdjvunet.o release/moc_qdjvu.o release/moc_messagedialog.o release/moc_shapeswidget.o release/moc_shapeextractor.o release/moc_shapemodel.o release/moc_shapedocument.o release/moc_shapepreview.o release/moc_shapepreviewlist.o release/moc_preferencesdialog.o release/moc_helpdialog.o  mxe/usr/x86_64-w64-mingw32.static/lib/libdjvulibre.a /home/jsbien/test/djview4shapes/src/mxe/usr/x86_64-w64-mingw32.static/qt5/plugins/styles/libqwindowsvistastyle.a -L/home/jsbien/test/djview4shapes/src/mxe/usr/x86_64-w64-mingw32.static/lib /home/jsbien/test/djview4shapes/src/mxe/usr/x86_64-w64-mingw32.static/qt5/plugins/platforms/libqwindows.a -lwinspool -lwtsapi32 /home/jsbien/test/djview4shapes/src/mxe/usr/x86_64-w64-mingw32.static/qt5/lib/libQt5EventDispatcherSupport.a /home/jsbien/test/djview4shapes/src/mxe/usr/x86_64-w64-mingw32.static/qt5/lib/libQt5FontDatabaseSupport.a -ldwrite -ld2d1 /home/jsbien/test/djview4shapes/src/mxe/usr/x86_64-w64-mingw32.static/qt5/lib/libQt5ThemeSupport.a /home/jsbien/test/djview4shapes/src/mxe/usr/x86_64-w64-mingw32.static/qt5/lib/libQt5AccessibilitySupport.a /home/jsbien/test/djview4shapes/src/mxe/usr/x86_64-w64-mingw32.static/qt5/lib/libQt5WindowsUIAutomationSupport.a /home/jsbien/test/djview4shapes/src/mxe/usr/x86_64-w64-mingw32.static/qt5/plugins/imageformats/libqgif.a /home/jsbien/test/djview4shapes/src/mxe/usr/x86_64-w64-mingw32.static/qt5/plugins/imageformats/libqicns.a /home/jsbien/test/djview4shapes/src/mxe/usr/x86_64-w64-mingw32.static/qt5/plugins/imageformats/libqico.a /home/jsbien/test/djview4shapes/src/mxe/usr/x86_64-w64-mingw32.static/qt5/plugins/imageformats/libqjp2.a -ljasper /home/jsbien/test/djview4shapes/src/mxe/usr/x86_64-w64-mingw32.static/qt5/plugins/imageformats/libqjpeg.a /home/jsbien/test/djview4shapes/src/mxe/usr/x86_64-w64-mingw32.static/qt5/plugins/imageformats/libqmng.a -lmng -llcms2 -lpthread /home/jsbien/test/djview4shapes/src/mxe/usr/x86_64-w64-mingw32.static/qt5/plugins/imageformats/libqtga.a /home/jsbien/test/djview4shapes/src/mxe/usr/x86_64-w64-mingw32.static/qt5/plugins/imageformats/libqtiff.a -ltiff -llzma -ljpeg /home/jsbien/test/djview4shapes/src/mxe/usr/x86_64-w64-mingw32.static/qt5/plugins/imageformats/libqwbmp.a /home/jsbien/test/djview4shapes/src/mxe/usr/x86_64-w64-mingw32.static/qt5/plugins/imageformats/libqwebp.a -lwebpmux -lwebpdemux -lwebp /home/jsbien/test/djview4shapes/src/mxe/usr/x86_64-w64-mingw32.static/qt5/plugins/bearer/libqgenericbearer.a /home/jsbien/test/djview4shapes/src/mxe/usr/x86_64-w64-mingw32.static/qt5/lib/libQt5OpenGL.a /home/jsbien/test/djview4shapes/src/mxe/usr/x86_64-w64-mingw32.static/qt5/lib/libQt5Widgets.a -luxtheme -ldwmapi /home/jsbien/test/djview4shapes/src/mxe/usr/x86_64-w64-mingw32.static/qt5/lib/libQt5Gui.a -ld3d11 -ldxgi -ldxguid -lharfbuzz -lcairo -lgobject-2.0 -lfontconfig -lfreetype -lm -lusp10 -lmsimg32 -lpixman-1 -lffi -lexpat -lbz2 -lpng16 -lharfbuzz_too -lfreetype_too -lglib-2.0 -lshlwapi -lpcre -lintl -liconv -lcomdlg32 -loleaut32 -limm32 /home/jsbien/test/djview4shapes/src/mxe/usr/x86_64-w64-mingw32.static/qt5/lib/libQt5Network.a -ldnsapi -liphlpapi -lssl -lcrypto -lgdi32 -lcrypt32 /home/jsbien/test/djview4shapes/src/mxe/usr/x86_64-w64-mingw32.static/qt5/lib/libQt5Core.a -lmpr -luserenv -lversion -lz -lpcre2-16 -lzstd -lnetapi32 -lws2_32 -ladvapi32 -lkernel32 -lole32 -lshell32 -luuid -luser32 -lwinmm release/windows_res.o  -ldjvulibre -ljpeg -lm -lmingw32 /home/jsbien/test/djview4shapes/src/mxe/usr/x86_64-w64-mingw32.static/qt5/lib/libqtmain.a -lshell32 
make[1]: Leaving directory '/home/jsbien/test/djview4shapes/src'

real	0m32.497s
user	0m28.909s
sys	0m1.615s
[01;32mjsbien@debian2[00m:[01;34m~/test/djview4shapes/src[00m$ exit

Script done on 2020-11-07 20:01:27+01:00 [COMMAND_EXIT_CODE="0"]
